0 verbose cli /usr/local/bin/node /usr/local/bin/npm
1 info using npm@8.19.3
2 info using node@v18.13.0
3 timing npm:load:whichnode Completed in 1ms
4 timing config:load:defaults Completed in 21ms
5 timing config:load:file:/usr/local/lib/node_modules/npm/npmrc Completed in 7ms
6 timing config:load:builtin Completed in 10ms
7 timing config:load:cli Completed in 18ms
8 timing config:load:env Completed in 4ms
9 timing config:load:file:/home/pfe/Raspberry/test-express/.npmrc Completed in 1ms
10 timing config:load:project Completed in 90ms
11 timing config:load:file:/home/pfe/.npmrc Completed in 1ms
12 timing config:load:user Completed in 5ms
13 timing config:load:file:/usr/local/etc/npmrc Completed in 1ms
14 timing config:load:global Completed in 2ms
15 timing config:load:validate Completed in 1ms
16 timing config:load:credentials Completed in 10ms
17 timing config:load:setEnvs Completed in 10ms
18 timing config:load Completed in 181ms
19 timing npm:load:configload Completed in 182ms
20 timing npm:load:mkdirpcache Completed in 8ms
21 timing npm:load:mkdirplogs Completed in 4ms
22 verbose title npm install express
23 verbose argv "install" "express"
24 timing npm:load:setTitle Completed in 13ms
25 timing config:load:flatten Completed in 35ms
26 timing npm:load:display Completed in 49ms
27 verbose logfile logs-max:10 dir:/home/pfe/.npm/_logs
28 verbose logfile /home/pfe/.npm/_logs/2023-04-24T21_31_35_893Z-debug-0.log
29 timing npm:load:logFile Completed in 31ms
30 timing npm:load:timers Completed in 0ms
31 timing npm:load:configScope Completed in 1ms
32 timing npm:load Completed in 301ms
33 timing arborist:ctor Completed in 9ms
34 silly logfile done cleaning log files
35 timing arborist:ctor Completed in 2ms
36 timing idealTree:init Completed in 142ms
37 timing idealTree:userRequests Completed in 21ms
38 silly idealTree buildDeps
39 silly fetch manifest express@*
40 http fetch GET 200 https://registry.npmjs.org/express 1395ms (cache revalidated)
41 silly placeDep ROOT express@4.18.2 OK for: test-express@1.0.0 want: *
42 silly fetch manifest accepts@~1.3.8
43 silly fetch manifest array-flatten@1.1.1
44 silly fetch manifest body-parser@1.20.1
45 silly fetch manifest content-disposition@0.5.4
46 silly fetch manifest content-type@~1.0.4
47 silly fetch manifest cookie@0.5.0
48 silly fetch manifest cookie-signature@1.0.6
49 silly fetch manifest debug@2.6.9
50 silly fetch manifest depd@2.0.0
51 silly fetch manifest encodeurl@~1.0.2
52 silly fetch manifest escape-html@~1.0.3
53 silly fetch manifest etag@~1.8.1
54 silly fetch manifest finalhandler@1.2.0
55 silly fetch manifest fresh@0.5.2
56 silly fetch manifest http-errors@2.0.0
57 silly fetch manifest merge-descriptors@1.0.1
58 silly fetch manifest methods@~1.1.2
59 silly fetch manifest on-finished@2.4.1
60 silly fetch manifest parseurl@~1.3.3
61 silly fetch manifest path-to-regexp@0.1.7
62 silly fetch manifest proxy-addr@~2.0.7
63 silly fetch manifest qs@6.11.0
64 silly fetch manifest range-parser@~1.2.1
65 silly fetch manifest safe-buffer@5.2.1
66 silly fetch manifest send@0.18.0
67 silly fetch manifest serve-static@1.15.0
68 silly fetch manifest setprototypeof@1.2.0
69 silly fetch manifest statuses@2.0.1
70 silly fetch manifest type-is@~1.6.18
71 silly fetch manifest utils-merge@1.0.1
72 silly fetch manifest vary@~1.1.2
73 http fetch GET 200 https://registry.npmjs.org/body-parser 1740ms (cache revalidated)
74 http fetch GET 200 https://registry.npmjs.org/http-errors 2009ms (cache revalidated)
75 http fetch GET 200 https://registry.npmjs.org/array-flatten 2199ms (cache revalidated)
76 http fetch GET 200 https://registry.npmjs.org/accepts 2286ms (cache revalidated)
77 http fetch GET 200 https://registry.npmjs.org/content-disposition 2382ms (cache revalidated)
78 http fetch GET 200 https://registry.npmjs.org/merge-descriptors 2277ms (cache revalidated)
79 http fetch GET 200 https://registry.npmjs.org/escape-html 2396ms (cache revalidated)
80 http fetch GET 200 https://registry.npmjs.org/content-type 2462ms (cache revalidated)
81 http fetch GET 200 https://registry.npmjs.org/etag 2404ms (cache revalidated)
82 http fetch GET 200 https://registry.npmjs.org/cookie 2473ms (cache revalidated)
83 http fetch GET 200 https://registry.npmjs.org/debug 2465ms (cache revalidated)
84 http fetch GET 200 https://registry.npmjs.org/on-finished 2384ms (cache revalidated)
85 http fetch GET 200 https://registry.npmjs.org/finalhandler 2423ms (cache revalidated)
86 http fetch GET 200 https://registry.npmjs.org/depd 2485ms (cache revalidated)
87 http fetch GET 200 https://registry.npmjs.org/fresh 2436ms (cache revalidated)
88 http fetch GET 200 https://registry.npmjs.org/cookie-signature 2522ms (cache revalidated)
89 http fetch GET 200 https://registry.npmjs.org/encodeurl 2501ms (cache revalidated)
90 http fetch GET 200 https://registry.npmjs.org/methods 2440ms (cache revalidated)
91 http fetch GET 200 https://registry.npmjs.org/proxy-addr 2415ms (cache revalidated)
92 http fetch GET 200 https://registry.npmjs.org/qs 2426ms (cache revalidated)
93 http fetch GET 200 https://registry.npmjs.org/setprototypeof 2382ms (cache revalidated)
94 http fetch GET 200 https://registry.npmjs.org/send 2414ms (cache revalidated)
95 http fetch GET 200 https://registry.npmjs.org/statuses 2392ms (cache revalidated)
96 http fetch GET 200 https://registry.npmjs.org/serve-static 2421ms (cache revalidated)
97 http fetch GET 200 https://registry.npmjs.org/type-is 2400ms (cache revalidated)
98 http fetch GET 200 https://registry.npmjs.org/utils-merge 2401ms (cache revalidated)
99 http fetch GET 200 https://registry.npmjs.org/safe-buffer 2477ms (cache revalidated)
100 http fetch GET 200 https://registry.npmjs.org/parseurl 2539ms (cache revalidated)
101 http fetch GET 200 https://registry.npmjs.org/path-to-regexp 2562ms (cache revalidated)
102 http fetch GET 200 https://registry.npmjs.org/range-parser 2540ms (cache revalidated)
103 http fetch GET 200 https://registry.npmjs.org/vary 2445ms (cache revalidated)
104 timing idealTree:#root Completed in 4399ms
105 silly placeDep ROOT accepts@1.3.8 OK for: express@4.18.2 want: ~1.3.8
106 silly placeDep ROOT array-flatten@1.1.1 OK for: express@4.18.2 want: 1.1.1
107 silly placeDep ROOT body-parser@1.20.1 OK for: express@4.18.2 want: 1.20.1
108 silly placeDep ROOT content-disposition@0.5.4 OK for: express@4.18.2 want: 0.5.4
109 silly placeDep ROOT content-type@1.0.5 OK for: express@4.18.2 want: ~1.0.4
110 silly placeDep ROOT cookie@0.5.0 OK for: express@4.18.2 want: 0.5.0
111 silly placeDep ROOT cookie-signature@1.0.6 OK for: express@4.18.2 want: 1.0.6
112 silly placeDep ROOT debug@2.6.9 OK for: express@4.18.2 want: 2.6.9
113 silly placeDep ROOT depd@2.0.0 OK for: express@4.18.2 want: 2.0.0
114 silly placeDep ROOT encodeurl@1.0.2 OK for: express@4.18.2 want: ~1.0.2
115 silly placeDep ROOT escape-html@1.0.3 OK for: express@4.18.2 want: ~1.0.3
116 silly placeDep ROOT etag@1.8.1 OK for: express@4.18.2 want: ~1.8.1
117 silly placeDep ROOT finalhandler@1.2.0 OK for: express@4.18.2 want: 1.2.0
118 silly placeDep ROOT fresh@0.5.2 OK for: express@4.18.2 want: 0.5.2
119 silly placeDep ROOT http-errors@2.0.0 OK for: express@4.18.2 want: 2.0.0
120 silly placeDep ROOT merge-descriptors@1.0.1 OK for: express@4.18.2 want: 1.0.1
121 silly placeDep ROOT methods@1.1.2 OK for: express@4.18.2 want: ~1.1.2
122 silly placeDep ROOT on-finished@2.4.1 OK for: express@4.18.2 want: 2.4.1
123 silly placeDep ROOT parseurl@1.3.3 OK for: express@4.18.2 want: ~1.3.3
124 silly placeDep ROOT path-to-regexp@0.1.7 OK for: express@4.18.2 want: 0.1.7
125 silly placeDep ROOT proxy-addr@2.0.7 OK for: express@4.18.2 want: ~2.0.7
126 silly placeDep ROOT qs@6.11.0 OK for: express@4.18.2 want: 6.11.0
127 silly placeDep ROOT range-parser@1.2.1 OK for: express@4.18.2 want: ~1.2.1
128 silly placeDep ROOT safe-buffer@5.2.1 OK for: express@4.18.2 want: 5.2.1
129 silly placeDep ROOT send@0.18.0 OK for: express@4.18.2 want: 0.18.0
130 silly placeDep ROOT serve-static@1.15.0 OK for: express@4.18.2 want: 1.15.0
131 silly placeDep ROOT setprototypeof@1.2.0 OK for: express@4.18.2 want: 1.2.0
132 silly placeDep ROOT statuses@2.0.1 OK for: express@4.18.2 want: 2.0.1
133 silly placeDep ROOT type-is@1.6.18 OK for: express@4.18.2 want: ~1.6.18
134 silly placeDep ROOT utils-merge@1.0.1 OK for: express@4.18.2 want: 1.0.1
135 silly placeDep ROOT vary@1.1.2 OK for: express@4.18.2 want: ~1.1.2
136 silly fetch manifest mime-types@~2.1.34
137 silly fetch manifest negotiator@0.6.3
138 silly fetch manifest bytes@3.1.2
139 silly fetch manifest destroy@1.2.0
140 silly fetch manifest iconv-lite@0.4.24
141 silly fetch manifest raw-body@2.5.1
142 silly fetch manifest unpipe@1.0.0
143 silly fetch manifest ms@2.0.0
144 silly fetch manifest unpipe@~1.0.0
145 silly fetch manifest inherits@2.0.4
146 silly fetch manifest toidentifier@1.0.1
147 silly fetch manifest ee-first@1.1.1
148 silly fetch manifest forwarded@0.2.0
149 silly fetch manifest ipaddr.js@1.9.1
150 silly fetch manifest side-channel@^1.0.4
151 silly fetch manifest mime@1.6.0
152 silly fetch manifest ms@2.1.3
153 silly fetch manifest media-typer@0.3.0
154 silly fetch manifest mime-types@~2.1.24
155 http fetch GET 200 https://registry.npmjs.org/negotiator 1370ms (cache revalidated)
156 http fetch GET 200 https://registry.npmjs.org/unpipe 1319ms (cache revalidated)
157 http fetch GET 200 https://registry.npmjs.org/destroy 1357ms (cache revalidated)
158 http fetch GET 200 https://registry.npmjs.org/ms 1315ms (cache revalidated)
159 http fetch GET 200 https://registry.npmjs.org/raw-body 1348ms (cache revalidated)
160 http fetch GET 200 https://registry.npmjs.org/mime-types 1419ms (cache revalidated)
161 http fetch GET 200 https://registry.npmjs.org/inherits 1311ms (cache revalidated)
162 http fetch GET 200 https://registry.npmjs.org/toidentifier 1306ms (cache revalidated)
163 http fetch GET 200 https://registry.npmjs.org/ee-first 1312ms (cache revalidated)
164 http fetch GET 200 https://registry.npmjs.org/side-channel 1282ms (cache revalidated)
165 http fetch GET 200 https://registry.npmjs.org/media-typer 1246ms (cache revalidated)
166 http fetch GET 200 https://registry.npmjs.org/mime-types 1242ms (cache revalidated)
167 http fetch GET 200 https://registry.npmjs.org/bytes 1473ms (cache revalidated)
168 http fetch GET 200 https://registry.npmjs.org/iconv-lite 1454ms (cache revalidated)
169 http fetch GET 200 https://registry.npmjs.org/forwarded 1358ms (cache revalidated)
170 http fetch GET 200 https://registry.npmjs.org/ipaddr.js 1352ms (cache revalidated)
171 http fetch GET 200 https://registry.npmjs.org/unpipe 1442ms (cache revalidated)
172 http fetch GET 200 https://registry.npmjs.org/mime 1354ms (cache revalidated)
173 http fetch GET 200 https://registry.npmjs.org/ms 1348ms (cache revalidated)
174 timing idealTree:node_modules/express Completed in 2320ms
175 silly placeDep ROOT mime-types@2.1.35 OK for: accepts@1.3.8 want: ~2.1.34
176 silly placeDep ROOT negotiator@0.6.3 OK for: accepts@1.3.8 want: 0.6.3
177 silly fetch manifest mime-db@1.52.0
178 http fetch GET 200 https://registry.npmjs.org/mime-db 142ms (cache revalidated)
179 timing idealTree:node_modules/accepts Completed in 181ms
180 timing idealTree:node_modules/array-flatten Completed in 0ms
181 silly placeDep ROOT bytes@3.1.2 OK for: body-parser@1.20.1 want: 3.1.2
182 silly placeDep ROOT destroy@1.2.0 OK for: body-parser@1.20.1 want: 1.2.0
183 silly placeDep ROOT iconv-lite@0.4.24 OK for: body-parser@1.20.1 want: 0.4.24
184 silly placeDep ROOT raw-body@2.5.1 OK for: body-parser@1.20.1 want: 2.5.1
185 silly placeDep ROOT unpipe@1.0.0 OK for: body-parser@1.20.1 want: 1.0.0
186 silly fetch manifest safer-buffer@>= 2.1.2 < 3
187 http fetch GET 200 https://registry.npmjs.org/safer-buffer 149ms (cache revalidated)
188 timing idealTree:node_modules/body-parser Completed in 267ms
189 timing idealTree:node_modules/bytes Completed in 0ms
190 timing idealTree:node_modules/content-disposition Completed in 0ms
191 timing idealTree:node_modules/content-type Completed in 0ms
192 timing idealTree:node_modules/cookie Completed in 0ms
193 timing idealTree:node_modules/cookie-signature Completed in 0ms
194 silly placeDep ROOT ms@2.0.0 OK for: debug@2.6.9 want: 2.0.0
195 timing idealTree:node_modules/debug Completed in 22ms
196 timing idealTree:node_modules/depd Completed in 0ms
197 timing idealTree:node_modules/destroy Completed in 0ms
198 timing idealTree:node_modules/encodeurl Completed in 0ms
199 timing idealTree:node_modules/escape-html Completed in 1ms
200 timing idealTree:node_modules/etag Completed in 1ms
201 timing idealTree:node_modules/finalhandler Completed in 1ms
202 timing idealTree:node_modules/fresh Completed in 0ms
203 silly placeDep ROOT inherits@2.0.4 OK for: http-errors@2.0.0 want: 2.0.4
204 silly placeDep ROOT toidentifier@1.0.1 OK for: http-errors@2.0.0 want: 1.0.1
205 timing idealTree:node_modules/http-errors Completed in 29ms
206 silly placeDep ROOT safer-buffer@2.1.2 OK for: iconv-lite@0.4.24 want: >= 2.1.2 < 3
207 timing idealTree:node_modules/iconv-lite Completed in 17ms
208 timing idealTree:node_modules/inherits Completed in 0ms
209 timing idealTree:node_modules/merge-descriptors Completed in 0ms
210 timing idealTree:node_modules/methods Completed in 0ms
211 silly placeDep ROOT mime-db@1.52.0 OK for: mime-types@2.1.35 want: 1.52.0
212 timing idealTree:node_modules/mime-types Completed in 15ms
213 timing idealTree:node_modules/mime-db Completed in 0ms
214 timing idealTree:node_modules/ms Completed in 0ms
215 timing idealTree:node_modules/negotiator Completed in 0ms
216 silly placeDep ROOT ee-first@1.1.1 OK for: on-finished@2.4.1 want: 1.1.1
217 timing idealTree:node_modules/on-finished Completed in 15ms
218 timing idealTree:node_modules/ee-first Completed in 0ms
219 timing idealTree:node_modules/parseurl Completed in 0ms
220 timing idealTree:node_modules/path-to-regexp Completed in 0ms
221 silly placeDep ROOT forwarded@0.2.0 OK for: proxy-addr@2.0.7 want: 0.2.0
222 silly placeDep ROOT ipaddr.js@1.9.1 OK for: proxy-addr@2.0.7 want: 1.9.1
223 timing idealTree:node_modules/proxy-addr Completed in 38ms
224 timing idealTree:node_modules/forwarded Completed in 0ms
225 timing idealTree:node_modules/ipaddr.js Completed in 0ms
226 silly placeDep ROOT side-channel@1.0.4 OK for: qs@6.11.0 want: ^1.0.4
227 silly fetch manifest call-bind@^1.0.0
228 silly fetch manifest get-intrinsic@^1.0.2
229 silly fetch manifest object-inspect@^1.9.0
230 http fetch GET 200 https://registry.npmjs.org/call-bind 237ms (cache revalidated)
231 http fetch GET 200 https://registry.npmjs.org/get-intrinsic 231ms (cache revalidated)
232 http fetch GET 200 https://registry.npmjs.org/object-inspect 240ms (cache revalidated)
233 timing idealTree:node_modules/qs Completed in 298ms
234 timing idealTree:node_modules/range-parser Completed in 1ms
235 timing idealTree:node_modules/raw-body Completed in 1ms
236 timing idealTree:node_modules/safe-buffer Completed in 1ms
237 timing idealTree:node_modules/safer-buffer Completed in 0ms
238 silly placeDep ROOT mime@1.6.0 OK for: send@0.18.0 want: 1.6.0
239 silly placeDep node_modules/send ms@2.1.3 OK for: send@0.18.0 want: 2.1.3
240 timing idealTree:node_modules/send Completed in 40ms
241 timing idealTree:node_modules/mime Completed in 0ms
242 timing idealTree:node_modules/serve-static Completed in 0ms
243 timing idealTree:node_modules/setprototypeof Completed in 0ms
244 silly placeDep ROOT call-bind@1.0.2 OK for: side-channel@1.0.4 want: ^1.0.0
245 silly placeDep ROOT get-intrinsic@1.2.0 OK for: side-channel@1.0.4 want: ^1.0.2
246 silly placeDep ROOT object-inspect@1.12.3 OK for: side-channel@1.0.4 want: ^1.9.0
247 silly fetch manifest function-bind@^1.1.1
248 silly fetch manifest has@^1.0.3
249 silly fetch manifest has-symbols@^1.0.3
250 http fetch GET 200 https://registry.npmjs.org/has-symbols 369ms (cache revalidated)
251 http fetch GET 200 https://registry.npmjs.org/has 398ms (cache revalidated)
252 http fetch GET 200 https://registry.npmjs.org/function-bind 438ms (cache revalidated)
253 timing idealTree:node_modules/side-channel Completed in 509ms
254 silly placeDep ROOT function-bind@1.1.1 OK for: call-bind@1.0.2 want: ^1.1.1
255 timing idealTree:node_modules/call-bind Completed in 19ms
256 timing idealTree:node_modules/function-bind Completed in 0ms
257 silly placeDep ROOT has@1.0.3 OK for: get-intrinsic@1.2.0 want: ^1.0.3
258 silly placeDep ROOT has-symbols@1.0.3 OK for: get-intrinsic@1.2.0 want: ^1.0.3
259 timing idealTree:node_modules/get-intrinsic Completed in 34ms
260 timing idealTree:node_modules/has Completed in 0ms
261 timing idealTree:node_modules/has-symbols Completed in 0ms
262 timing idealTree:node_modules/object-inspect Completed in 1ms
263 timing idealTree:node_modules/statuses Completed in 0ms
264 timing idealTree:node_modules/toidentifier Completed in 0ms
265 silly placeDep ROOT media-typer@0.3.0 OK for: type-is@1.6.18 want: 0.3.0
266 timing idealTree:node_modules/type-is Completed in 15ms
267 timing idealTree:node_modules/media-typer Completed in 0ms
268 timing idealTree:node_modules/unpipe Completed in 0ms
269 timing idealTree:node_modules/utils-merge Completed in 0ms
270 timing idealTree:node_modules/vary Completed in 0ms
271 timing idealTree:node_modules/send/node_modules/ms Completed in 0ms
272 timing idealTree:buildDeps Completed in 8291ms
273 timing idealTree:fixDepFlags Completed in 18ms
274 timing idealTree Completed in 8515ms
275 timing reify:loadTrees Completed in 8527ms
276 timing reify:diffTrees Completed in 35ms
277 silly reify moves {}
278 timing reify:retireShallow Completed in 11ms
279 timing reify:createSparse Completed in 133ms
280 timing reify:loadBundles Completed in 0ms
281 silly audit bulk request {
281 silly audit   express: [ '4.18.2' ],
281 silly audit   accepts: [ '1.3.8' ],
281 silly audit   'array-flatten': [ '1.1.1' ],
281 silly audit   'body-parser': [ '1.20.1' ],
281 silly audit   'content-disposition': [ '0.5.4' ],
281 silly audit   'content-type': [ '1.0.5' ],
281 silly audit   cookie: [ '0.5.0' ],
281 silly audit   'cookie-signature': [ '1.0.6' ],
281 silly audit   debug: [ '2.6.9' ],
281 silly audit   depd: [ '2.0.0' ],
281 silly audit   encodeurl: [ '1.0.2' ],
281 silly audit   'escape-html': [ '1.0.3' ],
281 silly audit   etag: [ '1.8.1' ],
281 silly audit   finalhandler: [ '1.2.0' ],
281 silly audit   fresh: [ '0.5.2' ],
281 silly audit   'http-errors': [ '2.0.0' ],
281 silly audit   'merge-descriptors': [ '1.0.1' ],
281 silly audit   methods: [ '1.1.2' ],
281 silly audit   'on-finished': [ '2.4.1' ],
281 silly audit   parseurl: [ '1.3.3' ],
281 silly audit   'path-to-regexp': [ '0.1.7' ],
281 silly audit   'proxy-addr': [ '2.0.7' ],
281 silly audit   qs: [ '6.11.0' ],
281 silly audit   'range-parser': [ '1.2.1' ],
281 silly audit   'safe-buffer': [ '5.2.1' ],
281 silly audit   send: [ '0.18.0' ],
281 silly audit   'serve-static': [ '1.15.0' ],
281 silly audit   setprototypeof: [ '1.2.0' ],
281 silly audit   statuses: [ '2.0.1' ],
281 silly audit   'type-is': [ '1.6.18' ],
281 silly audit   'utils-merge': [ '1.0.1' ],
281 silly audit   vary: [ '1.1.2' ],
281 silly audit   'mime-types': [ '2.1.35' ],
281 silly audit   negotiator: [ '0.6.3' ],
281 silly audit   bytes: [ '3.1.2' ],
281 silly audit   destroy: [ '1.2.0' ],
281 silly audit   'iconv-lite': [ '0.4.24' ],
281 silly audit   'raw-body': [ '2.5.1' ],
281 silly audit   unpipe: [ '1.0.0' ],
281 silly audit   ms: [ '2.0.0', '2.1.3' ],
281 silly audit   inherits: [ '2.0.4' ],
281 silly audit   toidentifier: [ '1.0.1' ],
281 silly audit   'safer-buffer': [ '2.1.2' ],
281 silly audit   'mime-db': [ '1.52.0' ],
281 silly audit   'ee-first': [ '1.1.1' ],
281 silly audit   forwarded: [ '0.2.0' ],
281 silly audit   'ipaddr.js': [ '1.9.1' ],
281 silly audit   'side-channel': [ '1.0.4' ],
281 silly audit   mime: [ '1.6.0' ],
281 silly audit   'call-bind': [ '1.0.2' ],
281 silly audit   'get-intrinsic': [ '1.2.0' ],
281 silly audit   'object-inspect': [ '1.12.3' ],
281 silly audit   'function-bind': [ '1.1.1' ],
281 silly audit   has: [ '1.0.3' ],
281 silly audit   'has-symbols': [ '1.0.3' ],
281 silly audit   'media-typer': [ '0.3.0' ]
281 silly audit }
282 http fetch POST 200 https://registry.npmjs.org/-/npm/v1/security/advisories/bulk 1244ms
283 timing auditReport:getReport Completed in 1298ms
284 silly audit report {}
285 timing auditReport:init Completed in 0ms
286 timing reify:audit Completed in 1307ms
287 timing reifyNode:node_modules/ee-first Completed in 2156ms
288 timing reifyNode:node_modules/ms Completed in 2154ms
289 timing reifyNode:node_modules/destroy Completed in 2155ms
290 timing reifyNode:node_modules/escape-html Completed in 2160ms
291 timing reifyNode:node_modules/array-flatten Completed in 2163ms
292 timing reifyNode:node_modules/send/node_modules/ms Completed in 2185ms
293 timing reifyNode:node_modules/media-typer Completed in 2223ms
294 timing reifyNode:node_modules/forwarded Completed in 2221ms
295 timing reifyNode:node_modules/toidentifier Completed in 2220ms
296 timing reifyNode:node_modules/inherits Completed in 2221ms
297 timing reifyNode:node_modules/unpipe Completed in 2222ms
298 timing reifyNode:node_modules/bytes Completed in 2222ms
299 timing reifyNode:node_modules/vary Completed in 2224ms
300 timing reifyNode:node_modules/utils-merge Completed in 2225ms
301 timing reifyNode:node_modules/type-is Completed in 2226ms
302 timing reifyNode:node_modules/range-parser Completed in 2224ms
303 timing reifyNode:node_modules/path-to-regexp Completed in 2237ms
304 timing reifyNode:node_modules/parseurl Completed in 2238ms
305 timing reifyNode:node_modules/methods Completed in 2237ms
306 timing reifyNode:node_modules/http-errors Completed in 2238ms
307 timing reifyNode:node_modules/fresh Completed in 2238ms
308 timing reifyNode:node_modules/merge-descriptors Completed in 2242ms
309 timing reifyNode:node_modules/encodeurl Completed in 2240ms
310 timing reifyNode:node_modules/etag Completed in 2243ms
311 timing reifyNode:node_modules/cookie-signature Completed in 2243ms
312 timing reifyNode:node_modules/content-type Completed in 2243ms
313 timing reifyNode:node_modules/accepts Completed in 2245ms
314 timing reifyNode:node_modules/proxy-addr Completed in 2293ms
315 timing reifyNode:node_modules/on-finished Completed in 2293ms
316 timing reifyNode:node_modules/has Completed in 2337ms
317 timing reifyNode:node_modules/mime-types Completed in 2346ms
318 timing reifyNode:node_modules/statuses Completed in 2344ms
319 timing reifyNode:node_modules/setprototypeof Completed in 2345ms
320 timing reifyNode:node_modules/serve-static Completed in 2345ms
321 timing reifyNode:node_modules/content-disposition Completed in 2345ms
322 timing reifyNode:node_modules/safe-buffer Completed in 2379ms
323 timing reifyNode:node_modules/finalhandler Completed in 2372ms
324 timing reifyNode:node_modules/cookie Completed in 2370ms
325 timing reifyNode:node_modules/raw-body Completed in 2412ms
326 timing reifyNode:node_modules/safer-buffer Completed in 2447ms
327 timing reifyNode:node_modules/depd Completed in 2425ms
328 timing reifyNode:node_modules/ipaddr.js Completed in 2474ms
329 timing reifyNode:node_modules/send Completed in 2487ms
330 timing reifyNode:node_modules/negotiator Completed in 2510ms
331 timing reifyNode:node_modules/side-channel Completed in 2533ms
332 timing reifyNode:node_modules/get-intrinsic Completed in 2542ms
333 timing reifyNode:node_modules/function-bind Completed in 2554ms
334 timing reifyNode:node_modules/mime Completed in 2549ms
335 timing reifyNode:node_modules/call-bind Completed in 2571ms
336 timing reifyNode:node_modules/has-symbols Completed in 2612ms
337 timing reifyNode:node_modules/mime-db Completed in 2609ms
338 timing reifyNode:node_modules/body-parser Completed in 2586ms
339 timing reifyNode:node_modules/debug Completed in 2597ms
340 timing reifyNode:node_modules/express Completed in 2679ms
341 timing reifyNode:node_modules/qs Completed in 2710ms
342 timing reifyNode:node_modules/object-inspect Completed in 2755ms
343 timing reifyNode:node_modules/iconv-lite Completed in 2741ms
344 timing reify:unpack Completed in 2770ms
345 timing reify:unretire Completed in 5ms
346 timing build:queue Completed in 45ms
347 timing build:link:node_modules/mime Completed in 21ms
348 timing build:link Completed in 23ms
349 timing build:deps Completed in 72ms
350 timing build Completed in 74ms
351 timing reify:build Completed in 79ms
352 timing reify:trash Completed in 0ms
353 timing reify:save Completed in 345ms
354 timing reify Completed in 12286ms
355 silly ADD node_modules/media-typer
356 silly ADD node_modules/has-symbols
357 silly ADD node_modules/has
358 silly ADD node_modules/function-bind
359 silly ADD node_modules/object-inspect
360 silly ADD node_modules/get-intrinsic
361 silly ADD node_modules/call-bind
362 silly ADD node_modules/mime
363 silly ADD node_modules/side-channel
364 silly ADD node_modules/ipaddr.js
365 silly ADD node_modules/forwarded
366 silly ADD node_modules/ee-first
367 silly ADD node_modules/mime-db
368 silly ADD node_modules/safer-buffer
369 silly ADD node_modules/toidentifier
370 silly ADD node_modules/inherits
371 silly ADD node_modules/ms
372 silly ADD node_modules/unpipe
373 silly ADD node_modules/raw-body
374 silly ADD node_modules/iconv-lite
375 silly ADD node_modules/destroy
376 silly ADD node_modules/bytes
377 silly ADD node_modules/negotiator
378 silly ADD node_modules/mime-types
379 silly ADD node_modules/vary
380 silly ADD node_modules/utils-merge
381 silly ADD node_modules/type-is
382 silly ADD node_modules/statuses
383 silly ADD node_modules/setprototypeof
384 silly ADD node_modules/serve-static
385 silly ADD node_modules/send
386 silly ADD node_modules/send/node_modules/ms
387 silly ADD node_modules/safe-buffer
388 silly ADD node_modules/range-parser
389 silly ADD node_modules/qs
390 silly ADD node_modules/proxy-addr
391 silly ADD node_modules/path-to-regexp
392 silly ADD node_modules/parseurl
393 silly ADD node_modules/on-finished
394 silly ADD node_modules/methods
395 silly ADD node_modules/merge-descriptors
396 silly ADD node_modules/http-errors
397 silly ADD node_modules/fresh
398 silly ADD node_modules/finalhandler
399 silly ADD node_modules/etag
400 silly ADD node_modules/escape-html
401 silly ADD node_modules/encodeurl
402 silly ADD node_modules/depd
403 silly ADD node_modules/debug
404 silly ADD node_modules/cookie-signature
405 silly ADD node_modules/cookie
406 silly ADD node_modules/content-type
407 silly ADD node_modules/content-disposition
408 silly ADD node_modules/body-parser
409 silly ADD node_modules/array-flatten
410 silly ADD node_modules/accepts
411 silly ADD node_modules/express
412 timing command:install Completed in 12381ms
413 verbose exit 0
414 timing npm Completed in 13505ms
415 info ok
