0 verbose cli /usr/local/bin/node /usr/local/bin/npm
1 info using npm@8.19.3
2 info using node@v18.13.0
3 timing npm:load:whichnode Completed in 1ms
4 timing config:load:defaults Completed in 11ms
5 timing config:load:file:/usr/local/lib/node_modules/npm/npmrc Completed in 4ms
6 timing config:load:builtin Completed in 6ms
7 timing config:load:cli Completed in 10ms
8 timing config:load:env Completed in 3ms
9 timing config:load:file:/home/pfe/Raspberry/.npmrc Completed in 1ms
10 timing config:load:project Completed in 50ms
11 timing config:load:file:/home/pfe/.npmrc Completed in 0ms
12 timing config:load:user Completed in 3ms
13 timing config:load:file:/usr/local/etc/npmrc Completed in 1ms
14 timing config:load:global Completed in 1ms
15 timing config:load:validate Completed in 1ms
16 timing config:load:credentials Completed in 6ms
17 timing config:load:setEnvs Completed in 6ms
18 timing config:load Completed in 100ms
19 timing npm:load:configload Completed in 100ms
20 timing npm:load:mkdirpcache Completed in 5ms
21 timing npm:load:mkdirplogs Completed in 2ms
22 verbose title npm install express
23 verbose argv "install" "express"
24 timing npm:load:setTitle Completed in 9ms
25 timing config:load:flatten Completed in 18ms
26 timing npm:load:display Completed in 32ms
27 verbose logfile logs-max:10 dir:/home/pfe/.npm/_logs
28 verbose logfile /home/pfe/.npm/_logs/2023-04-22T17_54_18_056Z-debug-0.log
29 timing npm:load:logFile Completed in 57ms
30 timing npm:load:timers Completed in 1ms
31 timing npm:load:configScope Completed in 1ms
32 timing npm:load Completed in 213ms
33 timing arborist:ctor Completed in 9ms
34 silly logfile done cleaning log files
35 timing idealTree:init Completed in 1266ms
36 timing idealTree:userRequests Completed in 23ms
37 silly idealTree buildDeps
38 silly fetch manifest express@^4.18.2
39 timing arborist:ctor Completed in 2ms
40 http fetch GET 200 https://registry.npmjs.org/express 1386ms (cache revalidated)
41 silly placeDep ROOT express@4.18.2 REPLACE for:  want: ^4.18.2
42 timing idealTree:#root Completed in 1506ms
43 timing idealTree:node_modules/express Completed in 0ms
44 timing idealTree:buildDeps Completed in 1517ms
45 timing idealTree:fixDepFlags Completed in 11ms
46 timing idealTree Completed in 2847ms
47 timing reify:loadTrees Completed in 2855ms
48 timing reify:diffTrees Completed in 37ms
49 silly reify moves {}
50 timing reify:retireShallow Completed in 7ms
51 timing reify:createSparse Completed in 9ms
52 timing reify:loadBundles Completed in 0ms
53 silly audit bulk request {
53 silly audit   '-': [ '0.0.1' ],
53 silly audit   abbrev: [ '1.1.1' ],
53 silly audit   accepts: [ '1.3.8' ],
53 silly audit   anymatch: [ '3.1.3' ],
53 silly audit   'array-flatten': [ '1.1.1' ],
53 silly audit   'balanced-match': [ '1.0.2' ],
53 silly audit   'binary-extensions': [ '2.2.0' ],
53 silly audit   bindings: [ '1.5.0' ],
53 silly audit   'body-parser': [ '1.20.1' ],
53 silly audit   'brace-expansion': [ '1.1.11' ],
53 silly audit   braces: [ '3.0.2' ],
53 silly audit   bytes: [ '3.1.2' ],
53 silly audit   'call-bind': [ '1.0.2' ],
53 silly audit   chokidar: [ '3.5.3' ],
53 silly audit   'concat-map': [ '0.0.1' ],
53 silly audit   'content-disposition': [ '0.5.4' ],
53 silly audit   'content-type': [ '1.0.5' ],
53 silly audit   cookie: [ '0.5.0' ],
53 silly audit   'cookie-signature': [ '1.0.6' ],
53 silly audit   cors: [ '2.8.5' ],
53 silly audit   debug: [ '2.6.9', '3.2.7' ],
53 silly audit   depd: [ '2.0.0' ],
53 silly audit   destroy: [ '1.2.0' ],
53 silly audit   'ee-first': [ '1.1.1' ],
53 silly audit   encodeurl: [ '1.0.2' ],
53 silly audit   epoll: [ '4.0.1' ],
53 silly audit   'escape-html': [ '1.0.3' ],
53 silly audit   etag: [ '1.8.1' ],
53 silly audit   'file-uri-to-path': [ '1.0.0' ],
53 silly audit   'fill-range': [ '7.0.1' ],
53 silly audit   finalhandler: [ '1.2.0' ],
53 silly audit   forwarded: [ '0.2.0' ],
53 silly audit   fresh: [ '0.5.2' ],
53 silly audit   fsevents: [ '2.3.2' ],
53 silly audit   'function-bind': [ '1.1.1' ],
53 silly audit   g: [ '2.0.1' ],
53 silly audit   'get-intrinsic': [ '1.2.0' ],
53 silly audit   'glob-parent': [ '5.1.2' ],
53 silly audit   has: [ '1.0.3' ],
53 silly audit   'has-flag': [ '3.0.0' ],
53 silly audit   'has-symbols': [ '1.0.3' ],
53 silly audit   'http-errors': [ '2.0.0' ],
53 silly audit   'iconv-lite': [ '0.4.24' ],
53 silly audit   'ignore-by-default': [ '1.0.1' ],
53 silly audit   inherits: [ '2.0.4' ],
53 silly audit   'ipaddr.js': [ '1.9.1' ],
53 silly audit   'is-binary-path': [ '2.1.0' ],
53 silly audit   'is-extglob': [ '2.1.1' ],
53 silly audit   'is-glob': [ '4.0.3' ],
53 silly audit   'is-number': [ '7.0.0' ],
53 silly audit   'lodash.debounce': [ '4.0.8' ],
53 silly audit   'media-typer': [ '0.3.0' ],
53 silly audit   'merge-descriptors': [ '1.0.1' ],
53 silly audit   methods: [ '1.1.2' ],
53 silly audit   mime: [ '1.6.0' ],
53 silly audit   'mime-db': [ '1.52.0' ],
53 silly audit   'mime-types': [ '2.1.35' ],
53 silly audit   minimatch: [ '3.1.2' ],
53 silly audit   ms: [ '2.0.0', '2.1.3' ],
53 silly audit   nan: [ '2.17.0' ],
53 silly audit   negotiator: [ '0.6.3' ],
53 silly audit   nodemon: [ '2.0.22' ],
53 silly audit   nopt: [ '1.0.10' ],
53 silly audit   'normalize-path': [ '3.0.0' ],
53 silly audit   'object-assign': [ '4.1.1' ],
53 silly audit   'object-inspect': [ '1.12.3' ],
53 silly audit   'on-finished': [ '2.4.1' ],
53 silly audit   onoff: [ '6.0.3' ],
53 silly audit   parseurl: [ '1.3.3' ],
53 silly audit   'path-to-regexp': [ '0.1.7' ],
53 silly audit   picomatch: [ '2.3.1' ],
53 silly audit   'proxy-addr': [ '2.0.7' ],
53 silly audit   'pstree.remy': [ '1.1.8' ],
53 silly audit   qs: [ '6.11.0' ],
53 silly audit   'range-parser': [ '1.2.1' ],
53 silly audit   'raw-body': [ '2.5.1' ],
53 silly audit   readdirp: [ '3.6.0' ],
53 silly audit   'safe-buffer': [ '5.2.1' ],
53 silly audit   'safer-buffer': [ '2.1.2' ],
53 silly audit   semver: [ '5.7.1', '7.0.0' ],
53 silly audit   send: [ '0.18.0' ],
53 silly audit   'serve-static': [ '1.15.0' ],
53 silly audit   setprototypeof: [ '1.2.0' ],
53 silly audit   'side-channel': [ '1.0.4' ],
53 silly audit   'simple-update-notifier': [ '1.1.0' ],
53 silly audit   statuses: [ '2.0.1' ],
53 silly audit   'supports-color': [ '5.5.0' ],
53 silly audit   'to-regex-range': [ '5.0.1' ],
53 silly audit   toidentifier: [ '1.0.1' ],
53 silly audit   touch: [ '3.1.0' ],
53 silly audit   'type-is': [ '1.6.18' ],
53 silly audit   undefsafe: [ '2.0.5' ],
53 silly audit   unpipe: [ '1.0.0' ],
53 silly audit   'utils-merge': [ '1.0.1' ],
53 silly audit   vary: [ '1.1.2' ],
53 silly audit   'wiringpi-node': [ '2.4.4' ],
53 silly audit   express: [ '4.18.2' ]
53 silly audit }
54 verbose reify failed optional dependency /home/pfe/Raspberry/node_modules/fsevents
55 silly reify mark deleted [ '/home/pfe/Raspberry/node_modules/fsevents' ]
56 timing reifyNode:node_modules/fsevents Completed in 17ms
57 timing reify:unpack Completed in 18ms
58 timing reify:unretire Completed in 1ms
59 timing build:queue Completed in 17ms
60 timing build:deps Completed in 20ms
61 timing build Completed in 21ms
62 timing reify:build Completed in 23ms
63 timing reify:trash Completed in 4ms
64 timing command:install Completed in 3404ms
65 verbose stack Error: EACCES: permission denied, open '/home/pfe/Raspberry/package-lock.json'
66 verbose cwd /home/pfe/Raspberry
67 verbose Linux 6.1.21-v8+
68 verbose node v18.13.0
69 verbose npm  v8.19.3
70 error code EACCES
71 error syscall open
72 error path /home/pfe/Raspberry/package-lock.json
73 error errno -13
74 error [Error: EACCES: permission denied, open '/home/pfe/Raspberry/package-lock.json'] {
74 error   errno: -13,
74 error   code: 'EACCES',
74 error   syscall: 'open',
74 error   path: '/home/pfe/Raspberry/package-lock.json'
74 error }
75 error
75 error The operation was rejected by your operating system.
75 error It is likely you do not have the permissions to access this file as the current user
75 error
75 error If you believe this might be a permissions issue, please double-check the
75 error permissions of the file and its containing directories, or try running
75 error the command again as root/Administrator.
76 verbose exit -13
77 timing npm Completed in 4949ms
78 verbose unfinished npm timer reify 1682186059564
79 verbose unfinished npm timer reify:audit 1682186062599
80 verbose unfinished npm timer auditReport:getReport 1682186062601
81 verbose unfinished npm timer reify:save 1682186062699
82 verbose code -13
83 error A complete log of this run can be found in:
83 error     /home/pfe/.npm/_logs/2023-04-22T17_54_18_056Z-debug-0.log
