0 verbose cli /usr/local/bin/node /usr/local/bin/npm
1 info using npm@8.19.3
2 info using node@v18.13.0
3 timing npm:load:whichnode Completed in 1ms
4 timing config:load:defaults Completed in 21ms
5 timing config:load:file:/usr/local/lib/node_modules/npm/npmrc Completed in 7ms
6 timing config:load:builtin Completed in 10ms
7 timing config:load:cli Completed in 23ms
8 timing config:load:env Completed in 5ms
9 timing config:load:project Completed in 75ms
10 timing config:load:file:/home/pfe/.npmrc Completed in 2ms
11 timing config:load:user Completed in 3ms
12 timing config:load:file:/usr/local/etc/npmrc Completed in 2ms
13 timing config:load:global Completed in 4ms
14 timing config:load:validate Completed in 1ms
15 timing config:load:credentials Completed in 18ms
16 timing config:load:setEnvs Completed in 12ms
17 timing config:load Completed in 184ms
18 timing npm:load:configload Completed in 185ms
19 timing npm:load:mkdirpcache Completed in 10ms
20 timing npm:load:mkdirplogs Completed in 4ms
21 verbose title npm install express
22 verbose argv "install" "express" "--save"
23 timing npm:load:setTitle Completed in 12ms
24 timing config:load:flatten Completed in 32ms
25 timing npm:load:display Completed in 55ms
26 verbose logfile logs-max:10 dir:/home/pfe/.npm/_logs
27 verbose logfile /home/pfe/.npm/_logs/2023-04-18T22_14_11_946Z-debug-0.log
28 timing npm:load:logFile Completed in 59ms
29 timing npm:load:timers Completed in 1ms
30 timing npm:load:configScope Completed in 0ms
31 timing npm:load Completed in 342ms
32 timing arborist:ctor Completed in 9ms
33 silly logfile done cleaning log files
34 timing arborist:ctor Completed in 1ms
35 timing idealTree:init Completed in 135ms
36 timing idealTree:userRequests Completed in 23ms
37 silly idealTree buildDeps
38 silly fetch manifest express@*
39 http fetch GET 200 https://registry.npmjs.org/express 1088ms (cache miss)
40 silly placeDep ROOT express@4.18.2 OK for:  want: *
41 silly fetch manifest accepts@~1.3.8
42 silly fetch manifest array-flatten@1.1.1
43 silly fetch manifest body-parser@1.20.1
44 silly fetch manifest content-disposition@0.5.4
45 silly fetch manifest content-type@~1.0.4
46 silly fetch manifest cookie@0.5.0
47 silly fetch manifest cookie-signature@1.0.6
48 silly fetch manifest debug@2.6.9
49 silly fetch manifest depd@2.0.0
50 silly fetch manifest encodeurl@~1.0.2
51 silly fetch manifest escape-html@~1.0.3
52 silly fetch manifest etag@~1.8.1
53 silly fetch manifest finalhandler@1.2.0
54 silly fetch manifest fresh@0.5.2
55 silly fetch manifest http-errors@2.0.0
56 silly fetch manifest merge-descriptors@1.0.1
57 silly fetch manifest methods@~1.1.2
58 silly fetch manifest on-finished@2.4.1
59 silly fetch manifest parseurl@~1.3.3
60 silly fetch manifest path-to-regexp@0.1.7
61 silly fetch manifest proxy-addr@~2.0.7
62 silly fetch manifest qs@6.11.0
63 silly fetch manifest range-parser@~1.2.1
64 silly fetch manifest safe-buffer@5.2.1
65 silly fetch manifest send@0.18.0
66 silly fetch manifest serve-static@1.15.0
67 silly fetch manifest setprototypeof@1.2.0
68 silly fetch manifest statuses@2.0.1
69 silly fetch manifest type-is@~1.6.18
70 silly fetch manifest utils-merge@1.0.1
71 silly fetch manifest vary@~1.1.2
72 http fetch GET 200 https://registry.npmjs.org/array-flatten 2355ms (cache miss)
73 http fetch GET 200 https://registry.npmjs.org/accepts 2380ms (cache miss)
74 http fetch GET 200 https://registry.npmjs.org/merge-descriptors 2320ms (cache miss)
75 http fetch GET 200 https://registry.npmjs.org/methods 2363ms (cache miss)
76 http fetch GET 200 https://registry.npmjs.org/on-finished 2508ms (cache miss)
77 http fetch GET 200 https://registry.npmjs.org/parseurl 2522ms (cache miss)
78 http fetch GET 200 https://registry.npmjs.org/encodeurl 2628ms (cache miss)
79 http fetch GET 200 https://registry.npmjs.org/safe-buffer 2493ms (cache miss)
80 http fetch GET 200 https://registry.npmjs.org/escape-html 2639ms (cache miss)
81 http fetch GET 200 https://registry.npmjs.org/utils-merge 2445ms (cache miss)
82 http fetch GET 200 https://registry.npmjs.org/content-type 2736ms (cache miss)
83 http fetch GET 200 https://registry.npmjs.org/content-disposition 2755ms (cache miss)
84 http fetch GET 200 https://registry.npmjs.org/path-to-regexp 2619ms (cache miss)
85 http fetch GET 200 https://registry.npmjs.org/fresh 2681ms (cache miss)
86 http fetch GET 200 https://registry.npmjs.org/setprototypeof 2548ms (cache miss)
87 http fetch GET 200 https://registry.npmjs.org/vary 2510ms (cache miss)
88 http fetch GET 200 https://registry.npmjs.org/range-parser 2624ms (cache miss)
89 http fetch GET 200 https://registry.npmjs.org/cookie-signature 2790ms (cache miss)
90 http fetch GET 200 https://registry.npmjs.org/etag 2745ms (cache miss)
91 http fetch GET 200 https://registry.npmjs.org/depd 2782ms (cache miss)
92 http fetch GET 200 https://registry.npmjs.org/statuses 2606ms (cache miss)
93 http fetch GET 200 https://registry.npmjs.org/cookie 2861ms (cache miss)
94 http fetch GET 200 https://registry.npmjs.org/proxy-addr 2765ms (cache miss)
95 http fetch GET 200 https://registry.npmjs.org/finalhandler 2866ms (cache miss)
96 http fetch GET 200 https://registry.npmjs.org/http-errors 2864ms (cache miss)
97 http fetch GET 200 https://registry.npmjs.org/type-is 2707ms (cache miss)
98 http fetch GET 200 https://registry.npmjs.org/send 2823ms (cache miss)
99 http fetch GET 200 https://registry.npmjs.org/serve-static 2831ms (cache miss)
100 http fetch GET 200 https://registry.npmjs.org/body-parser 3099ms (cache miss)
101 http fetch GET 200 https://registry.npmjs.org/debug 3079ms (cache miss)
102 http fetch GET 200 https://registry.npmjs.org/qs 2963ms (cache miss)
103 timing idealTree:#root Completed in 4535ms
104 silly placeDep ROOT accepts@1.3.8 OK for: express@4.18.2 want: ~1.3.8
105 silly placeDep ROOT array-flatten@1.1.1 OK for: express@4.18.2 want: 1.1.1
106 silly placeDep ROOT body-parser@1.20.1 OK for: express@4.18.2 want: 1.20.1
107 silly placeDep ROOT content-disposition@0.5.4 OK for: express@4.18.2 want: 0.5.4
108 silly placeDep ROOT content-type@1.0.5 OK for: express@4.18.2 want: ~1.0.4
109 silly placeDep ROOT cookie@0.5.0 OK for: express@4.18.2 want: 0.5.0
110 silly placeDep ROOT cookie-signature@1.0.6 OK for: express@4.18.2 want: 1.0.6
111 silly placeDep ROOT debug@2.6.9 OK for: express@4.18.2 want: 2.6.9
112 silly placeDep ROOT depd@2.0.0 OK for: express@4.18.2 want: 2.0.0
113 silly placeDep ROOT encodeurl@1.0.2 OK for: express@4.18.2 want: ~1.0.2
114 silly placeDep ROOT escape-html@1.0.3 OK for: express@4.18.2 want: ~1.0.3
115 silly placeDep ROOT etag@1.8.1 OK for: express@4.18.2 want: ~1.8.1
116 silly placeDep ROOT finalhandler@1.2.0 OK for: express@4.18.2 want: 1.2.0
117 silly placeDep ROOT fresh@0.5.2 OK for: express@4.18.2 want: 0.5.2
118 silly placeDep ROOT http-errors@2.0.0 OK for: express@4.18.2 want: 2.0.0
119 silly placeDep ROOT merge-descriptors@1.0.1 OK for: express@4.18.2 want: 1.0.1
120 silly placeDep ROOT methods@1.1.2 OK for: express@4.18.2 want: ~1.1.2
121 silly placeDep ROOT on-finished@2.4.1 OK for: express@4.18.2 want: 2.4.1
122 silly placeDep ROOT parseurl@1.3.3 OK for: express@4.18.2 want: ~1.3.3
123 silly placeDep ROOT path-to-regexp@0.1.7 OK for: express@4.18.2 want: 0.1.7
124 silly placeDep ROOT proxy-addr@2.0.7 OK for: express@4.18.2 want: ~2.0.7
125 silly placeDep ROOT qs@6.11.0 OK for: express@4.18.2 want: 6.11.0
126 silly placeDep ROOT range-parser@1.2.1 OK for: express@4.18.2 want: ~1.2.1
127 silly placeDep ROOT safe-buffer@5.2.1 OK for: express@4.18.2 want: 5.2.1
128 silly placeDep ROOT send@0.18.0 OK for: express@4.18.2 want: 0.18.0
129 silly placeDep ROOT serve-static@1.15.0 OK for: express@4.18.2 want: 1.15.0
130 silly placeDep ROOT setprototypeof@1.2.0 OK for: express@4.18.2 want: 1.2.0
131 silly placeDep ROOT statuses@2.0.1 OK for: express@4.18.2 want: 2.0.1
132 silly placeDep ROOT type-is@1.6.18 OK for: express@4.18.2 want: ~1.6.18
133 silly placeDep ROOT utils-merge@1.0.1 OK for: express@4.18.2 want: 1.0.1
134 silly placeDep ROOT vary@1.1.2 OK for: express@4.18.2 want: ~1.1.2
135 silly fetch manifest mime-types@~2.1.34
136 silly fetch manifest negotiator@0.6.3
137 silly fetch manifest bytes@3.1.2
138 silly fetch manifest destroy@1.2.0
139 silly fetch manifest iconv-lite@0.4.24
140 silly fetch manifest raw-body@2.5.1
141 silly fetch manifest unpipe@1.0.0
142 silly fetch manifest ms@2.0.0
143 silly fetch manifest unpipe@~1.0.0
144 silly fetch manifest inherits@2.0.4
145 silly fetch manifest toidentifier@1.0.1
146 silly fetch manifest ee-first@1.1.1
147 silly fetch manifest forwarded@0.2.0
148 silly fetch manifest ipaddr.js@1.9.1
149 silly fetch manifest side-channel@^1.0.4
150 silly fetch manifest mime@1.6.0
151 silly fetch manifest ms@2.1.3
152 silly fetch manifest media-typer@0.3.0
153 silly fetch manifest mime-types@~2.1.24
154 http fetch GET 200 https://registry.npmjs.org/npm 7268ms (cache miss)
155 http fetch GET 200 https://registry.npmjs.org/ee-first 1671ms (cache miss)
156 http fetch GET 200 https://registry.npmjs.org/bytes 1811ms (cache miss)
157 http fetch GET 200 https://registry.npmjs.org/unpipe 1737ms (cache miss)
158 http fetch GET 200 https://registry.npmjs.org/raw-body 1784ms (cache miss)
159 http fetch GET 200 https://registry.npmjs.org/unpipe 1783ms (cache miss)
160 http fetch GET 200 https://registry.npmjs.org/inherits 1747ms (cache miss)
161 http fetch GET 200 https://registry.npmjs.org/ipaddr.js 1706ms (cache miss)
162 http fetch GET 200 https://registry.npmjs.org/forwarded 1726ms (cache miss)
163 http fetch GET 200 https://registry.npmjs.org/media-typer 1662ms (cache miss)
164 http fetch GET 200 https://registry.npmjs.org/destroy 1866ms (cache miss)
165 http fetch GET 200 https://registry.npmjs.org/toidentifier 1780ms (cache miss)
166 http fetch GET 200 https://registry.npmjs.org/side-channel 1740ms (cache miss)
167 http fetch GET 200 https://registry.npmjs.org/iconv-lite 1869ms (cache miss)
168 http fetch GET 200 https://registry.npmjs.org/ms 1839ms (cache miss)
169 http fetch GET 200 https://registry.npmjs.org/negotiator 1925ms (cache miss)
170 http fetch GET 200 https://registry.npmjs.org/ms 1725ms (cache miss)
171 http fetch GET 200 https://registry.npmjs.org/mime 1744ms (cache miss)
172 http fetch GET 200 https://registry.npmjs.org/mime-types 1712ms (cache miss)
173 http fetch GET 200 https://registry.npmjs.org/mime-types 1962ms (cache miss)
174 timing idealTree:node_modules/express Completed in 2696ms
175 silly placeDep ROOT mime-types@2.1.35 OK for: accepts@1.3.8 want: ~2.1.34
176 silly placeDep ROOT negotiator@0.6.3 OK for: accepts@1.3.8 want: 0.6.3
177 silly fetch manifest mime-db@1.52.0
178 http fetch GET 200 https://registry.npmjs.org/mime-db 232ms (cache miss)
179 timing idealTree:node_modules/accepts Completed in 269ms
180 timing idealTree:node_modules/array-flatten Completed in 0ms
181 silly placeDep ROOT bytes@3.1.2 OK for: body-parser@1.20.1 want: 3.1.2
182 silly placeDep ROOT destroy@1.2.0 OK for: body-parser@1.20.1 want: 1.2.0
183 silly placeDep ROOT iconv-lite@0.4.24 OK for: body-parser@1.20.1 want: 0.4.24
184 silly placeDep ROOT raw-body@2.5.1 OK for: body-parser@1.20.1 want: 2.5.1
185 silly placeDep ROOT unpipe@1.0.0 OK for: body-parser@1.20.1 want: 1.0.0
186 silly fetch manifest safer-buffer@>= 2.1.2 < 3
187 http fetch GET 200 https://registry.npmjs.org/safer-buffer 228ms (cache miss)
188 timing idealTree:node_modules/body-parser Completed in 320ms
189 timing idealTree:node_modules/bytes Completed in 0ms
190 timing idealTree:node_modules/content-disposition Completed in 1ms
191 timing idealTree:node_modules/content-type Completed in 0ms
192 timing idealTree:node_modules/cookie Completed in 0ms
193 timing idealTree:node_modules/cookie-signature Completed in 0ms
194 silly placeDep ROOT ms@2.0.0 OK for: debug@2.6.9 want: 2.0.0
195 timing idealTree:node_modules/debug Completed in 32ms
196 timing idealTree:node_modules/depd Completed in 0ms
197 timing idealTree:node_modules/destroy Completed in 0ms
198 timing idealTree:node_modules/encodeurl Completed in 1ms
199 timing idealTree:node_modules/escape-html Completed in 1ms
200 timing idealTree:node_modules/etag Completed in 1ms
201 timing idealTree:node_modules/finalhandler Completed in 0ms
202 timing idealTree:node_modules/fresh Completed in 0ms
203 silly placeDep ROOT inherits@2.0.4 OK for: http-errors@2.0.0 want: 2.0.4
204 silly placeDep ROOT toidentifier@1.0.1 OK for: http-errors@2.0.0 want: 1.0.1
205 timing idealTree:node_modules/http-errors Completed in 28ms
206 silly placeDep ROOT safer-buffer@2.1.2 OK for: iconv-lite@0.4.24 want: >= 2.1.2 < 3
207 timing idealTree:node_modules/iconv-lite Completed in 17ms
208 timing idealTree:node_modules/inherits Completed in 0ms
209 timing idealTree:node_modules/merge-descriptors Completed in 0ms
210 timing idealTree:node_modules/methods Completed in 0ms
211 silly placeDep ROOT mime-db@1.52.0 OK for: mime-types@2.1.35 want: 1.52.0
212 timing idealTree:node_modules/mime-types Completed in 14ms
213 timing idealTree:node_modules/mime-db Completed in 0ms
214 timing idealTree:node_modules/ms Completed in 0ms
215 timing idealTree:node_modules/negotiator Completed in 0ms
216 silly placeDep ROOT ee-first@1.1.1 OK for: on-finished@2.4.1 want: 1.1.1
217 timing idealTree:node_modules/on-finished Completed in 15ms
218 timing idealTree:node_modules/ee-first Completed in 0ms
219 timing idealTree:node_modules/parseurl Completed in 0ms
220 timing idealTree:node_modules/path-to-regexp Completed in 0ms
221 silly placeDep ROOT forwarded@0.2.0 OK for: proxy-addr@2.0.7 want: 0.2.0
222 silly placeDep ROOT ipaddr.js@1.9.1 OK for: proxy-addr@2.0.7 want: 1.9.1
223 timing idealTree:node_modules/proxy-addr Completed in 29ms
224 timing idealTree:node_modules/forwarded Completed in 0ms
225 timing idealTree:node_modules/ipaddr.js Completed in 0ms
226 silly placeDep ROOT side-channel@1.0.4 OK for: qs@6.11.0 want: ^1.0.4
227 silly fetch manifest call-bind@^1.0.0
228 silly fetch manifest get-intrinsic@^1.0.2
229 silly fetch manifest object-inspect@^1.9.0
230 http fetch GET 200 https://registry.npmjs.org/call-bind 207ms (cache miss)
231 http fetch GET 200 https://registry.npmjs.org/get-intrinsic 269ms (cache miss)
232 http fetch GET 200 https://registry.npmjs.org/object-inspect 264ms (cache miss)
233 timing idealTree:node_modules/qs Completed in 321ms
234 timing idealTree:node_modules/range-parser Completed in 0ms
235 timing idealTree:node_modules/raw-body Completed in 0ms
236 timing idealTree:node_modules/safe-buffer Completed in 0ms
237 timing idealTree:node_modules/safer-buffer Completed in 0ms
238 silly placeDep ROOT mime@1.6.0 OK for: send@0.18.0 want: 1.6.0
239 silly placeDep node_modules/send ms@2.1.3 OK for: send@0.18.0 want: 2.1.3
240 timing idealTree:node_modules/send Completed in 45ms
241 timing idealTree:node_modules/mime Completed in 0ms
242 timing idealTree:node_modules/serve-static Completed in 0ms
243 timing idealTree:node_modules/setprototypeof Completed in 0ms
244 silly placeDep ROOT call-bind@1.0.2 OK for: side-channel@1.0.4 want: ^1.0.0
245 silly placeDep ROOT get-intrinsic@1.2.0 OK for: side-channel@1.0.4 want: ^1.0.2
246 silly placeDep ROOT object-inspect@1.12.3 OK for: side-channel@1.0.4 want: ^1.9.0
247 silly fetch manifest function-bind@^1.1.1
248 silly fetch manifest has@^1.0.3
249 silly fetch manifest has-symbols@^1.0.3
250 http fetch GET 200 https://registry.npmjs.org/function-bind 262ms (cache miss)
251 http fetch GET 200 https://registry.npmjs.org/has-symbols 251ms (cache miss)
252 http fetch GET 200 https://registry.npmjs.org/has 265ms (cache miss)
253 timing idealTree:node_modules/side-channel Completed in 371ms
254 silly placeDep ROOT function-bind@1.1.1 OK for: call-bind@1.0.2 want: ^1.1.1
255 timing idealTree:node_modules/call-bind Completed in 16ms
256 timing idealTree:node_modules/function-bind Completed in 0ms
257 silly placeDep ROOT has@1.0.3 OK for: get-intrinsic@1.2.0 want: ^1.0.3
258 silly placeDep ROOT has-symbols@1.0.3 OK for: get-intrinsic@1.2.0 want: ^1.0.3
259 timing idealTree:node_modules/get-intrinsic Completed in 27ms
260 timing idealTree:node_modules/has Completed in 0ms
261 timing idealTree:node_modules/has-symbols Completed in 0ms
262 timing idealTree:node_modules/object-inspect Completed in 0ms
263 timing idealTree:node_modules/statuses Completed in 0ms
264 timing idealTree:node_modules/toidentifier Completed in 1ms
265 silly placeDep ROOT media-typer@0.3.0 OK for: type-is@1.6.18 want: 0.3.0
266 timing idealTree:node_modules/type-is Completed in 14ms
267 timing idealTree:node_modules/media-typer Completed in 0ms
268 timing idealTree:node_modules/unpipe Completed in 0ms
269 timing idealTree:node_modules/utils-merge Completed in 0ms
270 timing idealTree:node_modules/vary Completed in 0ms
271 timing idealTree:node_modules/send/node_modules/ms Completed in 0ms
272 timing idealTree:buildDeps Completed in 8825ms
273 timing idealTree:fixDepFlags Completed in 19ms
274 timing idealTree Completed in 9044ms
275 timing reify:loadTrees Completed in 9054ms
276 timing reify:diffTrees Completed in 31ms
277 silly reify moves {}
278 timing reify:retireShallow Completed in 12ms
279 timing reify:createSparse Completed in 176ms
280 timing reify:loadBundles Completed in 0ms
281 silly audit bulk request {
281 silly audit   express: [ '4.18.2' ],
281 silly audit   accepts: [ '1.3.8' ],
281 silly audit   'array-flatten': [ '1.1.1' ],
281 silly audit   'body-parser': [ '1.20.1' ],
281 silly audit   'content-disposition': [ '0.5.4' ],
281 silly audit   'content-type': [ '1.0.5' ],
281 silly audit   cookie: [ '0.5.0' ],
281 silly audit   'cookie-signature': [ '1.0.6' ],
281 silly audit   debug: [ '2.6.9' ],
281 silly audit   depd: [ '2.0.0' ],
281 silly audit   encodeurl: [ '1.0.2' ],
281 silly audit   'escape-html': [ '1.0.3' ],
281 silly audit   etag: [ '1.8.1' ],
281 silly audit   finalhandler: [ '1.2.0' ],
281 silly audit   fresh: [ '0.5.2' ],
281 silly audit   'http-errors': [ '2.0.0' ],
281 silly audit   'merge-descriptors': [ '1.0.1' ],
281 silly audit   methods: [ '1.1.2' ],
281 silly audit   'on-finished': [ '2.4.1' ],
281 silly audit   parseurl: [ '1.3.3' ],
281 silly audit   'path-to-regexp': [ '0.1.7' ],
281 silly audit   'proxy-addr': [ '2.0.7' ],
281 silly audit   qs: [ '6.11.0' ],
281 silly audit   'range-parser': [ '1.2.1' ],
281 silly audit   'safe-buffer': [ '5.2.1' ],
281 silly audit   send: [ '0.18.0' ],
281 silly audit   'serve-static': [ '1.15.0' ],
281 silly audit   setprototypeof: [ '1.2.0' ],
281 silly audit   statuses: [ '2.0.1' ],
281 silly audit   'type-is': [ '1.6.18' ],
281 silly audit   'utils-merge': [ '1.0.1' ],
281 silly audit   vary: [ '1.1.2' ],
281 silly audit   'mime-types': [ '2.1.35' ],
281 silly audit   negotiator: [ '0.6.3' ],
281 silly audit   bytes: [ '3.1.2' ],
281 silly audit   destroy: [ '1.2.0' ],
281 silly audit   'iconv-lite': [ '0.4.24' ],
281 silly audit   'raw-body': [ '2.5.1' ],
281 silly audit   unpipe: [ '1.0.0' ],
281 silly audit   ms: [ '2.0.0', '2.1.3' ],
281 silly audit   inherits: [ '2.0.4' ],
281 silly audit   toidentifier: [ '1.0.1' ],
281 silly audit   'safer-buffer': [ '2.1.2' ],
281 silly audit   'mime-db': [ '1.52.0' ],
281 silly audit   'ee-first': [ '1.1.1' ],
281 silly audit   forwarded: [ '0.2.0' ],
281 silly audit   'ipaddr.js': [ '1.9.1' ],
281 silly audit   'side-channel': [ '1.0.4' ],
281 silly audit   mime: [ '1.6.0' ],
281 silly audit   'call-bind': [ '1.0.2' ],
281 silly audit   'get-intrinsic': [ '1.2.0' ],
281 silly audit   'object-inspect': [ '1.12.3' ],
281 silly audit   'function-bind': [ '1.1.1' ],
281 silly audit   has: [ '1.0.3' ],
281 silly audit   'has-symbols': [ '1.0.3' ],
281 silly audit   'media-typer': [ '0.3.0' ]
281 silly audit }
282 silly tarball no local data for media-typer@https://registry.npmjs.org/media-typer/-/media-typer-0.3.0.tgz. Extracting by manifest.
283 silly tarball no local data for has@https://registry.npmjs.org/has/-/has-1.0.3.tgz. Extracting by manifest.
284 silly tarball no local data for has-symbols@https://registry.npmjs.org/has-symbols/-/has-symbols-1.0.3.tgz. Extracting by manifest.
285 silly tarball no local data for function-bind@https://registry.npmjs.org/function-bind/-/function-bind-1.1.1.tgz. Extracting by manifest.
286 silly tarball no local data for object-inspect@https://registry.npmjs.org/object-inspect/-/object-inspect-1.12.3.tgz. Extracting by manifest.
287 silly tarball no local data for get-intrinsic@https://registry.npmjs.org/get-intrinsic/-/get-intrinsic-1.2.0.tgz. Extracting by manifest.
288 silly tarball no local data for call-bind@https://registry.npmjs.org/call-bind/-/call-bind-1.0.2.tgz. Extracting by manifest.
289 silly tarball no local data for mime@https://registry.npmjs.org/mime/-/mime-1.6.0.tgz. Extracting by manifest.
290 silly tarball no local data for side-channel@https://registry.npmjs.org/side-channel/-/side-channel-1.0.4.tgz. Extracting by manifest.
291 silly tarball no local data for ipaddr.js@https://registry.npmjs.org/ipaddr.js/-/ipaddr.js-1.9.1.tgz. Extracting by manifest.
292 silly tarball no local data for forwarded@https://registry.npmjs.org/forwarded/-/forwarded-0.2.0.tgz. Extracting by manifest.
293 silly tarball no local data for ee-first@https://registry.npmjs.org/ee-first/-/ee-first-1.1.1.tgz. Extracting by manifest.
294 silly tarball no local data for mime-db@https://registry.npmjs.org/mime-db/-/mime-db-1.52.0.tgz. Extracting by manifest.
295 silly tarball no local data for safer-buffer@https://registry.npmjs.org/safer-buffer/-/safer-buffer-2.1.2.tgz. Extracting by manifest.
296 silly tarball no local data for inherits@https://registry.npmjs.org/inherits/-/inherits-2.0.4.tgz. Extracting by manifest.
297 silly tarball no local data for toidentifier@https://registry.npmjs.org/toidentifier/-/toidentifier-1.0.1.tgz. Extracting by manifest.
298 silly tarball no local data for ms@https://registry.npmjs.org/ms/-/ms-2.0.0.tgz. Extracting by manifest.
299 silly tarball no local data for unpipe@https://registry.npmjs.org/unpipe/-/unpipe-1.0.0.tgz. Extracting by manifest.
300 silly tarball no local data for raw-body@https://registry.npmjs.org/raw-body/-/raw-body-2.5.1.tgz. Extracting by manifest.
301 silly tarball no local data for iconv-lite@https://registry.npmjs.org/iconv-lite/-/iconv-lite-0.4.24.tgz. Extracting by manifest.
302 silly tarball no local data for destroy@https://registry.npmjs.org/destroy/-/destroy-1.2.0.tgz. Extracting by manifest.
303 silly tarball no local data for bytes@https://registry.npmjs.org/bytes/-/bytes-3.1.2.tgz. Extracting by manifest.
304 silly tarball no local data for negotiator@https://registry.npmjs.org/negotiator/-/negotiator-0.6.3.tgz. Extracting by manifest.
305 silly tarball no local data for mime-types@https://registry.npmjs.org/mime-types/-/mime-types-2.1.35.tgz. Extracting by manifest.
306 silly tarball no local data for utils-merge@https://registry.npmjs.org/utils-merge/-/utils-merge-1.0.1.tgz. Extracting by manifest.
307 silly tarball no local data for type-is@https://registry.npmjs.org/type-is/-/type-is-1.6.18.tgz. Extracting by manifest.
308 silly tarball no local data for statuses@https://registry.npmjs.org/statuses/-/statuses-2.0.1.tgz. Extracting by manifest.
309 silly tarball no local data for vary@https://registry.npmjs.org/vary/-/vary-1.1.2.tgz. Extracting by manifest.
310 silly tarball no local data for serve-static@https://registry.npmjs.org/serve-static/-/serve-static-1.15.0.tgz. Extracting by manifest.
311 silly tarball no local data for setprototypeof@https://registry.npmjs.org/setprototypeof/-/setprototypeof-1.2.0.tgz. Extracting by manifest.
312 silly tarball no local data for send@https://registry.npmjs.org/send/-/send-0.18.0.tgz. Extracting by manifest.
313 silly tarball no local data for safe-buffer@https://registry.npmjs.org/safe-buffer/-/safe-buffer-5.2.1.tgz. Extracting by manifest.
314 silly tarball no local data for range-parser@https://registry.npmjs.org/range-parser/-/range-parser-1.2.1.tgz. Extracting by manifest.
315 silly tarball no local data for qs@https://registry.npmjs.org/qs/-/qs-6.11.0.tgz. Extracting by manifest.
316 silly tarball no local data for proxy-addr@https://registry.npmjs.org/proxy-addr/-/proxy-addr-2.0.7.tgz. Extracting by manifest.
317 silly tarball no local data for path-to-regexp@https://registry.npmjs.org/path-to-regexp/-/path-to-regexp-0.1.7.tgz. Extracting by manifest.
318 silly tarball no local data for parseurl@https://registry.npmjs.org/parseurl/-/parseurl-1.3.3.tgz. Extracting by manifest.
319 silly tarball no local data for on-finished@https://registry.npmjs.org/on-finished/-/on-finished-2.4.1.tgz. Extracting by manifest.
320 silly tarball no local data for methods@https://registry.npmjs.org/methods/-/methods-1.1.2.tgz. Extracting by manifest.
321 silly tarball no local data for merge-descriptors@https://registry.npmjs.org/merge-descriptors/-/merge-descriptors-1.0.1.tgz. Extracting by manifest.
322 silly tarball no local data for http-errors@https://registry.npmjs.org/http-errors/-/http-errors-2.0.0.tgz. Extracting by manifest.
323 silly tarball no local data for fresh@https://registry.npmjs.org/fresh/-/fresh-0.5.2.tgz. Extracting by manifest.
324 silly tarball no local data for finalhandler@https://registry.npmjs.org/finalhandler/-/finalhandler-1.2.0.tgz. Extracting by manifest.
325 silly tarball no local data for etag@https://registry.npmjs.org/etag/-/etag-1.8.1.tgz. Extracting by manifest.
326 silly tarball no local data for escape-html@https://registry.npmjs.org/escape-html/-/escape-html-1.0.3.tgz. Extracting by manifest.
327 silly tarball no local data for encodeurl@https://registry.npmjs.org/encodeurl/-/encodeurl-1.0.2.tgz. Extracting by manifest.
328 silly tarball no local data for depd@https://registry.npmjs.org/depd/-/depd-2.0.0.tgz. Extracting by manifest.
329 silly tarball no local data for debug@https://registry.npmjs.org/debug/-/debug-2.6.9.tgz. Extracting by manifest.
330 silly tarball no local data for cookie-signature@https://registry.npmjs.org/cookie-signature/-/cookie-signature-1.0.6.tgz. Extracting by manifest.
331 silly tarball no local data for cookie@https://registry.npmjs.org/cookie/-/cookie-0.5.0.tgz. Extracting by manifest.
332 silly tarball no local data for content-type@https://registry.npmjs.org/content-type/-/content-type-1.0.5.tgz. Extracting by manifest.
333 silly tarball no local data for content-disposition@https://registry.npmjs.org/content-disposition/-/content-disposition-0.5.4.tgz. Extracting by manifest.
334 silly tarball no local data for body-parser@https://registry.npmjs.org/body-parser/-/body-parser-1.20.1.tgz. Extracting by manifest.
335 silly tarball no local data for array-flatten@https://registry.npmjs.org/array-flatten/-/array-flatten-1.1.1.tgz. Extracting by manifest.
336 silly tarball no local data for accepts@https://registry.npmjs.org/accepts/-/accepts-1.3.8.tgz. Extracting by manifest.
337 silly tarball no local data for express@https://registry.npmjs.org/express/-/express-4.18.2.tgz. Extracting by manifest.
338 silly tarball no local data for ms@https://registry.npmjs.org/ms/-/ms-2.1.3.tgz. Extracting by manifest.
339 http fetch POST 200 https://registry.npmjs.org/-/npm/v1/security/advisories/bulk 2319ms
340 timing auditReport:getReport Completed in 2375ms
341 silly audit report {}
342 timing auditReport:init Completed in 0ms
343 timing reify:audit Completed in 2396ms
344 http fetch GET 200 https://registry.npmjs.org/media-typer/-/media-typer-0.3.0.tgz 5683ms (cache miss)
345 timing reifyNode:node_modules/media-typer Completed in 6194ms
346 http fetch GET 200 https://registry.npmjs.org/toidentifier/-/toidentifier-1.0.1.tgz 5433ms (cache miss)
347 timing reifyNode:node_modules/toidentifier Completed in 6247ms
348 http fetch GET 200 https://registry.npmjs.org/inherits/-/inherits-2.0.4.tgz 5457ms (cache miss)
349 timing reifyNode:node_modules/inherits Completed in 6253ms
350 http fetch GET 200 https://registry.npmjs.org/setprototypeof/-/setprototypeof-1.2.0.tgz 5082ms (cache miss)
351 timing reifyNode:node_modules/setprototypeof Completed in 6295ms
352 http fetch GET 200 https://registry.npmjs.org/send/-/send-0.18.0.tgz 5069ms (cache miss)
353 timing reifyNode:node_modules/send Completed in 6298ms
354 http fetch GET 200 https://registry.npmjs.org/has/-/has-1.0.3.tgz 5836ms (cache miss)
355 timing reifyNode:node_modules/has Completed in 6361ms
356 http fetch GET 200 https://registry.npmjs.org/get-intrinsic/-/get-intrinsic-1.2.0.tgz 5759ms (cache miss)
357 timing reifyNode:node_modules/get-intrinsic Completed in 6365ms
358 http fetch GET 200 https://registry.npmjs.org/raw-body/-/raw-body-2.5.1.tgz 5372ms (cache miss)
359 timing reifyNode:node_modules/raw-body Completed in 6364ms
360 http fetch GET 200 https://registry.npmjs.org/forwarded/-/forwarded-0.2.0.tgz 5672ms (cache miss)
361 timing reifyNode:node_modules/forwarded Completed in 6382ms
362 http fetch GET 200 https://registry.npmjs.org/utils-merge/-/utils-merge-1.0.1.tgz 5275ms (cache miss)
363 timing reifyNode:node_modules/utils-merge Completed in 6376ms
364 http fetch GET 200 https://registry.npmjs.org/proxy-addr/-/proxy-addr-2.0.7.tgz 5070ms (cache miss)
365 timing reifyNode:node_modules/proxy-addr Completed in 6379ms
366 http fetch GET 200 https://registry.npmjs.org/has-symbols/-/has-symbols-1.0.3.tgz 5916ms (cache miss)
367 http fetch GET 200 https://registry.npmjs.org/call-bind/-/call-bind-1.0.2.tgz 5835ms (cache miss)
368 timing reifyNode:node_modules/call-bind Completed in 6458ms
369 http fetch GET 200 https://registry.npmjs.org/ee-first/-/ee-first-1.1.1.tgz 5732ms (cache miss)
370 timing reifyNode:node_modules/ee-first Completed in 6458ms
371 http fetch GET 200 https://registry.npmjs.org/ms/-/ms-2.0.0.tgz 5581ms (cache miss)
372 timing reifyNode:node_modules/ms Completed in 6456ms
373 http fetch GET 200 https://registry.npmjs.org/finalhandler/-/finalhandler-1.2.0.tgz 5020ms (cache miss)
374 timing reifyNode:node_modules/finalhandler Completed in 6449ms
375 http fetch GET 200 https://registry.npmjs.org/cookie-signature/-/cookie-signature-1.0.6.tgz 4952ms (cache miss)
376 timing reifyNode:node_modules/cookie-signature Completed in 6452ms
377 timing reifyNode:node_modules/has-symbols Completed in 6536ms
378 http fetch GET 200 https://registry.npmjs.org/safer-buffer/-/safer-buffer-2.1.2.tgz 5752ms (cache miss)
379 timing reifyNode:node_modules/safer-buffer Completed in 6531ms
380 http fetch GET 200 https://registry.npmjs.org/unpipe/-/unpipe-1.0.0.tgz 5563ms (cache miss)
381 timing reifyNode:node_modules/unpipe Completed in 6533ms
382 http fetch GET 200 https://registry.npmjs.org/destroy/-/destroy-1.2.0.tgz 5516ms (cache miss)
383 timing reifyNode:node_modules/destroy Completed in 6538ms
384 http fetch GET 200 https://registry.npmjs.org/bytes/-/bytes-3.1.2.tgz 5503ms (cache miss)
385 timing reifyNode:node_modules/bytes Completed in 6542ms
386 http fetch GET 200 https://registry.npmjs.org/range-parser/-/range-parser-1.2.1.tgz 5277ms (cache miss)
387 timing reifyNode:node_modules/range-parser Completed in 6538ms
388 http fetch GET 200 https://registry.npmjs.org/type-is/-/type-is-1.6.18.tgz 5416ms (cache miss)
389 timing reifyNode:node_modules/type-is Completed in 6547ms
390 http fetch GET 200 https://registry.npmjs.org/path-to-regexp/-/path-to-regexp-0.1.7.tgz 5218ms (cache miss)
391 timing reifyNode:node_modules/path-to-regexp Completed in 6544ms
392 http fetch GET 200 https://registry.npmjs.org/vary/-/vary-1.1.2.tgz 5378ms (cache miss)
393 timing reifyNode:node_modules/vary Completed in 6562ms
394 http fetch GET 200 https://registry.npmjs.org/accepts/-/accepts-1.3.8.tgz 4869ms (cache miss)
395 timing reifyNode:node_modules/accepts Completed in 6549ms
396 http fetch GET 200 https://registry.npmjs.org/negotiator/-/negotiator-0.6.3.tgz 5544ms (cache miss)
397 timing reifyNode:node_modules/negotiator Completed in 6600ms
398 http fetch GET 200 https://registry.npmjs.org/safe-buffer/-/safe-buffer-5.2.1.tgz 5353ms (cache miss)
399 timing reifyNode:node_modules/safe-buffer Completed in 6598ms
400 http fetch GET 200 https://registry.npmjs.org/parseurl/-/parseurl-1.3.3.tgz 5242ms (cache miss)
401 timing reifyNode:node_modules/parseurl Completed in 6598ms
402 http fetch GET 200 https://registry.npmjs.org/on-finished/-/on-finished-2.4.1.tgz 5229ms (cache miss)
403 timing reifyNode:node_modules/on-finished Completed in 6631ms
404 http fetch GET 200 https://registry.npmjs.org/statuses/-/statuses-2.0.1.tgz 5497ms (cache miss)
405 timing reifyNode:node_modules/statuses Completed in 6644ms
406 http fetch GET 200 https://registry.npmjs.org/escape-html/-/escape-html-1.0.3.tgz 5190ms (cache miss)
407 timing reifyNode:node_modules/escape-html Completed in 6635ms
408 http fetch GET 200 https://registry.npmjs.org/encodeurl/-/encodeurl-1.0.2.tgz 5175ms (cache miss)
409 timing reifyNode:node_modules/encodeurl Completed in 6638ms
410 http fetch GET 200 https://registry.npmjs.org/depd/-/depd-2.0.0.tgz 5173ms (cache miss)
411 timing reifyNode:node_modules/depd Completed in 6644ms
412 http fetch GET 200 https://registry.npmjs.org/content-type/-/content-type-1.0.5.tgz 5098ms (cache miss)
413 timing reifyNode:node_modules/content-type Completed in 6645ms
414 http fetch GET 200 https://registry.npmjs.org/http-errors/-/http-errors-2.0.0.tgz 5256ms (cache miss)
415 timing reifyNode:node_modules/http-errors Completed in 6657ms
416 http fetch GET 200 https://registry.npmjs.org/content-disposition/-/content-disposition-0.5.4.tgz 5090ms (cache miss)
417 timing reifyNode:node_modules/content-disposition Completed in 6653ms
418 http fetch GET 200 https://registry.npmjs.org/side-channel/-/side-channel-1.0.4.tgz 6054ms (cache miss)
419 timing reifyNode:node_modules/side-channel Completed in 6727ms
420 http fetch GET 200 https://registry.npmjs.org/serve-static/-/serve-static-1.15.0.tgz 5525ms (cache miss)
421 timing reifyNode:node_modules/serve-static Completed in 6720ms
422 http fetch GET 200 https://registry.npmjs.org/body-parser/-/body-parser-1.20.1.tgz 5133ms (cache miss)
423 http fetch GET 200 https://registry.npmjs.org/array-flatten/-/array-flatten-1.1.1.tgz 5073ms (cache miss)
424 timing reifyNode:node_modules/array-flatten Completed in 6716ms
425 http fetch GET 200 https://registry.npmjs.org/mime-types/-/mime-types-2.1.35.tgz 5663ms (cache miss)
426 timing reifyNode:node_modules/mime-types Completed in 6749ms
427 http fetch GET 200 https://registry.npmjs.org/methods/-/methods-1.1.2.tgz 5372ms (cache miss)
428 timing reifyNode:node_modules/methods Completed in 6756ms
429 http fetch GET 200 https://registry.npmjs.org/cookie/-/cookie-0.5.0.tgz 5237ms (cache miss)
430 timing reifyNode:node_modules/cookie Completed in 6755ms
431 http fetch GET 200 https://registry.npmjs.org/merge-descriptors/-/merge-descriptors-1.0.1.tgz 5373ms (cache miss)
432 timing reifyNode:node_modules/merge-descriptors Completed in 6766ms
433 http fetch GET 200 https://registry.npmjs.org/ms/-/ms-2.1.3.tgz 5028ms (cache miss)
434 timing reifyNode:node_modules/send/node_modules/ms Completed in 6780ms
435 http fetch GET 200 https://registry.npmjs.org/function-bind/-/function-bind-1.1.1.tgz 6238ms (cache miss)
436 timing reifyNode:node_modules/function-bind Completed in 6815ms
437 http fetch GET 200 https://registry.npmjs.org/fresh/-/fresh-0.5.2.tgz 5373ms (cache miss)
438 timing reifyNode:node_modules/fresh Completed in 6784ms
439 http fetch GET 200 https://registry.npmjs.org/etag/-/etag-1.8.1.tgz 5385ms (cache miss)
440 timing reifyNode:node_modules/etag Completed in 6820ms
441 timing reifyNode:node_modules/body-parser Completed in 6822ms
442 http fetch GET 200 https://registry.npmjs.org/ipaddr.js/-/ipaddr.js-1.9.1.tgz 6175ms (cache miss)
443 timing reifyNode:node_modules/ipaddr.js Completed in 6867ms
444 http fetch GET 200 https://registry.npmjs.org/debug/-/debug-2.6.9.tgz 5410ms (cache miss)
445 timing reifyNode:node_modules/debug Completed in 6894ms
446 http fetch GET 200 https://registry.npmjs.org/mime-db/-/mime-db-1.52.0.tgz 6179ms (cache miss)
447 timing reifyNode:node_modules/mime-db Completed in 6942ms
448 http fetch GET 200 https://registry.npmjs.org/mime/-/mime-1.6.0.tgz 6365ms (cache miss)
449 timing reifyNode:node_modules/mime Completed in 7022ms
450 http fetch GET 200 https://registry.npmjs.org/qs/-/qs-6.11.0.tgz 5715ms (cache miss)
451 http fetch GET 200 https://registry.npmjs.org/express/-/express-4.18.2.tgz 5318ms (cache miss)
452 timing reifyNode:node_modules/qs Completed in 7037ms
453 timing reifyNode:node_modules/express Completed in 7029ms
454 http fetch GET 200 https://registry.npmjs.org/object-inspect/-/object-inspect-1.12.3.tgz 6548ms (cache miss)
455 timing reifyNode:node_modules/object-inspect Completed in 7139ms
456 http fetch GET 200 https://registry.npmjs.org/iconv-lite/-/iconv-lite-0.4.24.tgz 6175ms (cache miss)
457 timing reifyNode:node_modules/iconv-lite Completed in 7182ms
458 timing reify:unpack Completed in 7210ms
459 timing reify:unretire Completed in 3ms
460 timing build:queue Completed in 49ms
461 timing build:link:node_modules/mime Completed in 22ms
462 timing build:link Completed in 23ms
463 timing build:deps Completed in 76ms
464 timing build Completed in 78ms
465 timing reify:build Completed in 83ms
466 timing reify:trash Completed in 0ms
467 timing reify:save Completed in 311ms
468 timing reify Completed in 17924ms
469 silly ADD node_modules/media-typer
470 silly ADD node_modules/has-symbols
471 silly ADD node_modules/has
472 silly ADD node_modules/function-bind
473 silly ADD node_modules/object-inspect
474 silly ADD node_modules/get-intrinsic
475 silly ADD node_modules/call-bind
476 silly ADD node_modules/mime
477 silly ADD node_modules/side-channel
478 silly ADD node_modules/ipaddr.js
479 silly ADD node_modules/forwarded
480 silly ADD node_modules/ee-first
481 silly ADD node_modules/mime-db
482 silly ADD node_modules/safer-buffer
483 silly ADD node_modules/toidentifier
484 silly ADD node_modules/inherits
485 silly ADD node_modules/ms
486 silly ADD node_modules/unpipe
487 silly ADD node_modules/raw-body
488 silly ADD node_modules/iconv-lite
489 silly ADD node_modules/destroy
490 silly ADD node_modules/bytes
491 silly ADD node_modules/negotiator
492 silly ADD node_modules/mime-types
493 silly ADD node_modules/vary
494 silly ADD node_modules/utils-merge
495 silly ADD node_modules/type-is
496 silly ADD node_modules/statuses
497 silly ADD node_modules/setprototypeof
498 silly ADD node_modules/serve-static
499 silly ADD node_modules/send
500 silly ADD node_modules/send/node_modules/ms
501 silly ADD node_modules/safe-buffer
502 silly ADD node_modules/range-parser
503 silly ADD node_modules/qs
504 silly ADD node_modules/proxy-addr
505 silly ADD node_modules/path-to-regexp
506 silly ADD node_modules/parseurl
507 silly ADD node_modules/on-finished
508 silly ADD node_modules/methods
509 silly ADD node_modules/merge-descriptors
510 silly ADD node_modules/http-errors
511 silly ADD node_modules/fresh
512 silly ADD node_modules/finalhandler
513 silly ADD node_modules/etag
514 silly ADD node_modules/escape-html
515 silly ADD node_modules/encodeurl
516 silly ADD node_modules/depd
517 silly ADD node_modules/debug
518 silly ADD node_modules/cookie-signature
519 silly ADD node_modules/cookie
520 silly ADD node_modules/content-type
521 silly ADD node_modules/content-disposition
522 silly ADD node_modules/body-parser
523 silly ADD node_modules/array-flatten
524 silly ADD node_modules/accepts
525 silly ADD node_modules/express
526 timing command:install Completed in 18018ms
527 notice
527 notice New [31mmajor[39m version of npm available! [31m8.19.3[39m -> [32m9.6.4[39m
527 notice Changelog: [36mhttps://github.com/npm/cli/releases/tag/v9.6.4[39m
527 notice Run [32mnpm install -g npm@9.6.4[39m to update!
527 notice
528 verbose exit 0
529 timing npm Completed in 19613ms
530 info ok
