0 verbose cli /usr/local/bin/node /usr/local/bin/npm
1 info using npm@8.19.3
2 info using node@v18.13.0
3 timing npm:load:whichnode Completed in 1ms
4 timing config:load:defaults Completed in 21ms
5 timing config:load:file:/usr/local/lib/node_modules/npm/npmrc Completed in 6ms
6 timing config:load:builtin Completed in 10ms
7 timing config:load:cli Completed in 23ms
8 timing config:load:env Completed in 5ms
9 timing config:load:project Completed in 40ms
10 timing config:load:file:/home/pfe/.npmrc Completed in 1ms
11 timing config:load:user Completed in 3ms
12 timing config:load:file:/usr/local/etc/npmrc Completed in 26ms
13 timing config:load:global Completed in 27ms
14 timing config:load:validate Completed in 2ms
15 timing config:load:credentials Completed in 12ms
16 timing config:load:setEnvs Completed in 11ms
17 timing config:load Completed in 166ms
18 timing npm:load:configload Completed in 167ms
19 timing npm:load:mkdirpcache Completed in 9ms
20 timing npm:load:mkdirplogs Completed in 4ms
21 verbose title npm install express
22 verbose argv "install" "--global" "express"
23 timing npm:load:setTitle Completed in 12ms
24 timing config:load:flatten Completed in 32ms
25 timing npm:load:display Completed in 55ms
26 verbose logfile logs-max:10 dir:/home/pfe/.npm/_logs
27 verbose logfile /home/pfe/.npm/_logs/2023-04-24T21_16_55_949Z-debug-0.log
28 timing npm:load:logFile Completed in 60ms
29 timing npm:load:timers Completed in 1ms
30 timing npm:load:configScope Completed in 0ms
31 timing npm:load Completed in 321ms
32 timing arborist:ctor Completed in 9ms
33 silly logfile done cleaning log files
34 timing idealTree:init Completed in 58ms
35 timing idealTree:userRequests Completed in 23ms
36 silly idealTree buildDeps
37 silly fetch manifest express@*
38 http fetch GET 200 https://registry.npmjs.org/express 1930ms (cache revalidated)
39 silly placeDep ROOT express@4.18.2 OK for:  want: *
40 silly fetch manifest accepts@~1.3.8
41 silly fetch manifest array-flatten@1.1.1
42 silly fetch manifest body-parser@1.20.1
43 silly fetch manifest content-disposition@0.5.4
44 silly fetch manifest content-type@~1.0.4
45 silly fetch manifest cookie@0.5.0
46 silly fetch manifest cookie-signature@1.0.6
47 silly fetch manifest debug@2.6.9
48 silly fetch manifest depd@2.0.0
49 silly fetch manifest encodeurl@~1.0.2
50 silly fetch manifest escape-html@~1.0.3
51 silly fetch manifest etag@~1.8.1
52 silly fetch manifest finalhandler@1.2.0
53 silly fetch manifest fresh@0.5.2
54 silly fetch manifest http-errors@2.0.0
55 silly fetch manifest merge-descriptors@1.0.1
56 silly fetch manifest methods@~1.1.2
57 silly fetch manifest on-finished@2.4.1
58 silly fetch manifest parseurl@~1.3.3
59 silly fetch manifest path-to-regexp@0.1.7
60 silly fetch manifest proxy-addr@~2.0.7
61 silly fetch manifest qs@6.11.0
62 silly fetch manifest range-parser@~1.2.1
63 silly fetch manifest safe-buffer@5.2.1
64 silly fetch manifest send@0.18.0
65 silly fetch manifest serve-static@1.15.0
66 silly fetch manifest setprototypeof@1.2.0
67 silly fetch manifest statuses@2.0.1
68 silly fetch manifest type-is@~1.6.18
69 silly fetch manifest utils-merge@1.0.1
70 silly fetch manifest vary@~1.1.2
71 http fetch GET 200 https://registry.npmjs.org/array-flatten 1596ms (cache revalidated)
72 http fetch GET 200 https://registry.npmjs.org/content-disposition 2061ms (cache revalidated)
73 http fetch GET 200 https://registry.npmjs.org/body-parser 2108ms (cache revalidated)
74 http fetch GET 200 https://registry.npmjs.org/etag 2064ms (cache revalidated)
75 http fetch GET 200 https://registry.npmjs.org/accepts 2210ms (cache revalidated)
76 http fetch GET 200 https://registry.npmjs.org/escape-html 2122ms (cache revalidated)
77 http fetch GET 200 https://registry.npmjs.org/merge-descriptors 2072ms (cache revalidated)
78 http fetch GET 200 https://registry.npmjs.org/encodeurl 2149ms (cache revalidated)
79 http fetch GET 200 https://registry.npmjs.org/fresh 2125ms (cache revalidated)
80 http fetch GET 200 https://registry.npmjs.org/finalhandler 2142ms (cache revalidated)
81 http fetch GET 200 https://registry.npmjs.org/range-parser 2067ms (cache revalidated)
82 http fetch GET 200 https://registry.npmjs.org/methods 2132ms (cache revalidated)
83 http fetch GET 200 https://registry.npmjs.org/parseurl 2134ms (cache revalidated)
84 http fetch GET 200 https://registry.npmjs.org/proxy-addr 2155ms (cache revalidated)
85 http fetch GET 200 https://registry.npmjs.org/http-errors 2210ms (cache revalidated)
86 http fetch GET 200 https://registry.npmjs.org/on-finished 2200ms (cache revalidated)
87 http fetch GET 200 https://registry.npmjs.org/path-to-regexp 2192ms (cache revalidated)
88 http fetch GET 200 https://registry.npmjs.org/safe-buffer 2202ms (cache revalidated)
89 http fetch GET 200 https://registry.npmjs.org/serve-static 2185ms (cache revalidated)
90 http fetch GET 200 https://registry.npmjs.org/send 2225ms (cache revalidated)
91 http fetch GET 200 https://registry.npmjs.org/setprototypeof 2216ms (cache revalidated)
92 http fetch GET 200 https://registry.npmjs.org/depd 2429ms (cache revalidated)
93 http fetch GET 200 https://registry.npmjs.org/type-is 2224ms (cache revalidated)
94 http fetch GET 200 https://registry.npmjs.org/utils-merge 2253ms (cache revalidated)
95 http fetch GET 200 https://registry.npmjs.org/content-type 2514ms (cache revalidated)
96 http fetch GET 200 https://registry.npmjs.org/statuses 2338ms (cache revalidated)
97 http fetch GET 200 https://registry.npmjs.org/vary 2303ms (cache revalidated)
98 http fetch GET 200 https://registry.npmjs.org/debug 2597ms (cache revalidated)
99 http fetch GET 200 https://registry.npmjs.org/cookie 2627ms (cache revalidated)
100 http fetch GET 200 https://registry.npmjs.org/qs 2800ms (cache revalidated)
101 http fetch GET 200 https://registry.npmjs.org/cookie-signature 36375ms (cache updated)
102 timing idealTree:#root Completed in 38602ms
103 silly placeDep node_modules/express accepts@1.3.8 OK for: express@4.18.2 want: ~1.3.8
104 silly placeDep node_modules/express array-flatten@1.1.1 OK for: express@4.18.2 want: 1.1.1
105 silly placeDep node_modules/express body-parser@1.20.1 OK for: express@4.18.2 want: 1.20.1
106 silly placeDep node_modules/express content-disposition@0.5.4 OK for: express@4.18.2 want: 0.5.4
107 silly placeDep node_modules/express content-type@1.0.5 OK for: express@4.18.2 want: ~1.0.4
108 silly placeDep node_modules/express cookie@0.5.0 OK for: express@4.18.2 want: 0.5.0
109 silly placeDep node_modules/express cookie-signature@1.0.6 OK for: express@4.18.2 want: 1.0.6
110 silly placeDep node_modules/express debug@2.6.9 OK for: express@4.18.2 want: 2.6.9
111 silly placeDep node_modules/express depd@2.0.0 OK for: express@4.18.2 want: 2.0.0
112 silly placeDep node_modules/express encodeurl@1.0.2 OK for: express@4.18.2 want: ~1.0.2
113 silly placeDep node_modules/express escape-html@1.0.3 OK for: express@4.18.2 want: ~1.0.3
114 silly placeDep node_modules/express etag@1.8.1 OK for: express@4.18.2 want: ~1.8.1
115 silly placeDep node_modules/express finalhandler@1.2.0 OK for: express@4.18.2 want: 1.2.0
116 silly placeDep node_modules/express fresh@0.5.2 OK for: express@4.18.2 want: 0.5.2
117 silly placeDep node_modules/express http-errors@2.0.0 OK for: express@4.18.2 want: 2.0.0
118 silly placeDep node_modules/express merge-descriptors@1.0.1 OK for: express@4.18.2 want: 1.0.1
119 silly placeDep node_modules/express methods@1.1.2 OK for: express@4.18.2 want: ~1.1.2
120 silly placeDep node_modules/express on-finished@2.4.1 OK for: express@4.18.2 want: 2.4.1
121 silly placeDep node_modules/express parseurl@1.3.3 OK for: express@4.18.2 want: ~1.3.3
122 silly placeDep node_modules/express path-to-regexp@0.1.7 OK for: express@4.18.2 want: 0.1.7
123 silly placeDep node_modules/express proxy-addr@2.0.7 OK for: express@4.18.2 want: ~2.0.7
124 silly placeDep node_modules/express qs@6.11.0 OK for: express@4.18.2 want: 6.11.0
125 silly placeDep node_modules/express range-parser@1.2.1 OK for: express@4.18.2 want: ~1.2.1
126 silly placeDep node_modules/express safe-buffer@5.2.1 OK for: express@4.18.2 want: 5.2.1
127 silly placeDep node_modules/express send@0.18.0 OK for: express@4.18.2 want: 0.18.0
128 silly placeDep node_modules/express serve-static@1.15.0 OK for: express@4.18.2 want: 1.15.0
129 silly placeDep node_modules/express setprototypeof@1.2.0 OK for: express@4.18.2 want: 1.2.0
130 silly placeDep node_modules/express statuses@2.0.1 OK for: express@4.18.2 want: 2.0.1
131 silly placeDep node_modules/express type-is@1.6.18 OK for: express@4.18.2 want: ~1.6.18
132 silly placeDep node_modules/express utils-merge@1.0.1 OK for: express@4.18.2 want: 1.0.1
133 silly placeDep node_modules/express vary@1.1.2 OK for: express@4.18.2 want: ~1.1.2
134 silly fetch manifest mime-types@~2.1.34
135 silly fetch manifest negotiator@0.6.3
136 silly fetch manifest bytes@3.1.2
137 silly fetch manifest destroy@1.2.0
138 silly fetch manifest iconv-lite@0.4.24
139 silly fetch manifest raw-body@2.5.1
140 silly fetch manifest unpipe@1.0.0
141 silly fetch manifest ms@2.0.0
142 silly fetch manifest unpipe@~1.0.0
143 silly fetch manifest inherits@2.0.4
144 silly fetch manifest toidentifier@1.0.1
145 silly fetch manifest ee-first@1.1.1
146 silly fetch manifest forwarded@0.2.0
147 silly fetch manifest ipaddr.js@1.9.1
148 silly fetch manifest side-channel@^1.0.4
149 silly fetch manifest mime@1.6.0
150 silly fetch manifest ms@2.1.3
151 silly fetch manifest media-typer@0.3.0
152 silly fetch manifest mime-types@~2.1.24
153 http fetch GET 200 https://registry.npmjs.org/negotiator 1160ms (cache revalidated)
154 http fetch GET 200 https://registry.npmjs.org/mime-types 1045ms (cache revalidated)
155 http fetch GET 200 https://registry.npmjs.org/mime-types 1800ms (cache revalidated)
156 http fetch GET 200 https://registry.npmjs.org/bytes 1785ms (cache revalidated)
157 http fetch GET 200 https://registry.npmjs.org/inherits 1723ms (cache revalidated)
158 http fetch GET 200 https://registry.npmjs.org/forwarded 1681ms (cache revalidated)
159 http fetch GET 200 https://registry.npmjs.org/raw-body 1789ms (cache revalidated)
160 http fetch GET 200 https://registry.npmjs.org/ms 1774ms (cache revalidated)
161 http fetch GET 200 https://registry.npmjs.org/ms 1659ms (cache revalidated)
162 http fetch GET 200 https://registry.npmjs.org/destroy 1836ms (cache revalidated)
163 http fetch GET 200 https://registry.npmjs.org/iconv-lite 1831ms (cache revalidated)
164 http fetch GET 200 https://registry.npmjs.org/unpipe 1821ms (cache revalidated)
165 http fetch GET 200 https://registry.npmjs.org/unpipe 1793ms (cache revalidated)
166 http fetch GET 200 https://registry.npmjs.org/ee-first 1751ms (cache revalidated)
167 http fetch GET 200 https://registry.npmjs.org/ipaddr.js 1734ms (cache revalidated)
168 http fetch GET 200 https://registry.npmjs.org/side-channel 1730ms (cache revalidated)
169 http fetch GET 200 https://registry.npmjs.org/toidentifier 1786ms (cache revalidated)
170 http fetch GET 200 https://registry.npmjs.org/media-typer 1697ms (cache revalidated)
171 http fetch GET 200 https://registry.npmjs.org/mime 1750ms (cache revalidated)
172 timing idealTree:node_modules/express Completed in 2534ms
173 silly placeDep node_modules/express mime-types@2.1.35 OK for: accepts@1.3.8 want: ~2.1.34
174 silly placeDep node_modules/express negotiator@0.6.3 OK for: accepts@1.3.8 want: 0.6.3
175 silly fetch manifest mime-db@1.52.0
176 http fetch GET 200 https://registry.npmjs.org/mime-db 195ms (cache revalidated)
177 timing idealTree:node_modules/express/node_modules/accepts Completed in 252ms
178 timing idealTree:node_modules/express/node_modules/array-flatten Completed in 0ms
179 silly placeDep node_modules/express bytes@3.1.2 OK for: body-parser@1.20.1 want: 3.1.2
180 silly placeDep node_modules/express destroy@1.2.0 OK for: body-parser@1.20.1 want: 1.2.0
181 silly placeDep node_modules/express iconv-lite@0.4.24 OK for: body-parser@1.20.1 want: 0.4.24
182 silly placeDep node_modules/express raw-body@2.5.1 OK for: body-parser@1.20.1 want: 2.5.1
183 silly placeDep node_modules/express unpipe@1.0.0 OK for: body-parser@1.20.1 want: 1.0.0
184 silly fetch manifest safer-buffer@>= 2.1.2 < 3
185 http fetch GET 200 https://registry.npmjs.org/safer-buffer 201ms (cache revalidated)
186 timing idealTree:node_modules/express/node_modules/body-parser Completed in 310ms
187 timing idealTree:node_modules/express/node_modules/bytes Completed in 0ms
188 timing idealTree:node_modules/express/node_modules/content-disposition Completed in 0ms
189 timing idealTree:node_modules/express/node_modules/content-type Completed in 1ms
190 timing idealTree:node_modules/express/node_modules/cookie Completed in 0ms
191 timing idealTree:node_modules/express/node_modules/cookie-signature Completed in 0ms
192 silly placeDep node_modules/express ms@2.0.0 OK for: debug@2.6.9 want: 2.0.0
193 timing idealTree:node_modules/express/node_modules/debug Completed in 23ms
194 timing idealTree:node_modules/express/node_modules/depd Completed in 0ms
195 timing idealTree:node_modules/express/node_modules/destroy Completed in 0ms
196 timing idealTree:node_modules/express/node_modules/encodeurl Completed in 0ms
197 timing idealTree:node_modules/express/node_modules/escape-html Completed in 0ms
198 timing idealTree:node_modules/express/node_modules/etag Completed in 0ms
199 timing idealTree:node_modules/express/node_modules/finalhandler Completed in 0ms
200 timing idealTree:node_modules/express/node_modules/fresh Completed in 0ms
201 silly placeDep node_modules/express inherits@2.0.4 OK for: http-errors@2.0.0 want: 2.0.4
202 silly placeDep node_modules/express toidentifier@1.0.1 OK for: http-errors@2.0.0 want: 1.0.1
203 timing idealTree:node_modules/express/node_modules/http-errors Completed in 28ms
204 silly placeDep node_modules/express safer-buffer@2.1.2 OK for: iconv-lite@0.4.24 want: >= 2.1.2 < 3
205 timing idealTree:node_modules/express/node_modules/iconv-lite Completed in 15ms
206 timing idealTree:node_modules/express/node_modules/inherits Completed in 1ms
207 timing idealTree:node_modules/express/node_modules/merge-descriptors Completed in 0ms
208 timing idealTree:node_modules/express/node_modules/methods Completed in 0ms
209 silly placeDep node_modules/express mime-db@1.52.0 OK for: mime-types@2.1.35 want: 1.52.0
210 timing idealTree:node_modules/express/node_modules/mime-types Completed in 17ms
211 timing idealTree:node_modules/express/node_modules/mime-db Completed in 0ms
212 timing idealTree:node_modules/express/node_modules/ms Completed in 0ms
213 timing idealTree:node_modules/express/node_modules/negotiator Completed in 0ms
214 silly placeDep node_modules/express ee-first@1.1.1 OK for: on-finished@2.4.1 want: 1.1.1
215 timing idealTree:node_modules/express/node_modules/on-finished Completed in 15ms
216 timing idealTree:node_modules/express/node_modules/ee-first Completed in 0ms
217 timing idealTree:node_modules/express/node_modules/parseurl Completed in 0ms
218 timing idealTree:node_modules/express/node_modules/path-to-regexp Completed in 0ms
219 silly placeDep node_modules/express forwarded@0.2.0 OK for: proxy-addr@2.0.7 want: 0.2.0
220 silly placeDep node_modules/express ipaddr.js@1.9.1 OK for: proxy-addr@2.0.7 want: 1.9.1
221 timing idealTree:node_modules/express/node_modules/proxy-addr Completed in 28ms
222 timing idealTree:node_modules/express/node_modules/forwarded Completed in 0ms
223 timing idealTree:node_modules/express/node_modules/ipaddr.js Completed in 0ms
224 silly placeDep node_modules/express side-channel@1.0.4 OK for: qs@6.11.0 want: ^1.0.4
225 silly fetch manifest call-bind@^1.0.0
226 silly fetch manifest get-intrinsic@^1.0.2
227 silly fetch manifest object-inspect@^1.9.0
228 http fetch GET 200 https://registry.npmjs.org/object-inspect 364ms (cache revalidated)
229 http fetch GET 200 https://registry.npmjs.org/get-intrinsic 413ms (cache revalidated)
230 http fetch GET 200 https://registry.npmjs.org/call-bind 433ms (cache revalidated)
231 timing idealTree:node_modules/express/node_modules/qs Completed in 463ms
232 timing idealTree:node_modules/express/node_modules/range-parser Completed in 0ms
233 timing idealTree:node_modules/express/node_modules/raw-body Completed in 0ms
234 timing idealTree:node_modules/express/node_modules/safe-buffer Completed in 1ms
235 timing idealTree:node_modules/express/node_modules/safer-buffer Completed in 0ms
236 silly placeDep node_modules/express mime@1.6.0 OK for: send@0.18.0 want: 1.6.0
237 silly placeDep node_modules/express/node_modules/send ms@2.1.3 OK for: send@0.18.0 want: 2.1.3
238 timing idealTree:node_modules/express/node_modules/send Completed in 44ms
239 timing idealTree:node_modules/express/node_modules/mime Completed in 0ms
240 timing idealTree:node_modules/express/node_modules/serve-static Completed in 0ms
241 timing idealTree:node_modules/express/node_modules/setprototypeof Completed in 0ms
242 silly placeDep node_modules/express call-bind@1.0.2 OK for: side-channel@1.0.4 want: ^1.0.0
243 silly placeDep node_modules/express get-intrinsic@1.2.0 OK for: side-channel@1.0.4 want: ^1.0.2
244 silly placeDep node_modules/express object-inspect@1.12.3 OK for: side-channel@1.0.4 want: ^1.9.0
245 silly fetch manifest function-bind@^1.1.1
246 silly fetch manifest has@^1.0.3
247 silly fetch manifest has-symbols@^1.0.3
248 http fetch GET 200 https://registry.npmjs.org/has 259ms (cache revalidated)
249 http fetch GET 200 https://registry.npmjs.org/has-symbols 295ms (cache revalidated)
250 http fetch GET 200 https://registry.npmjs.org/function-bind 325ms (cache revalidated)
251 timing idealTree:node_modules/express/node_modules/side-channel Completed in 401ms
252 silly placeDep node_modules/express function-bind@1.1.1 OK for: call-bind@1.0.2 want: ^1.1.1
253 timing idealTree:node_modules/express/node_modules/call-bind Completed in 19ms
254 timing idealTree:node_modules/express/node_modules/function-bind Completed in 0ms
255 silly placeDep node_modules/express has@1.0.3 OK for: get-intrinsic@1.2.0 want: ^1.0.3
256 silly placeDep node_modules/express has-symbols@1.0.3 OK for: get-intrinsic@1.2.0 want: ^1.0.3
257 timing idealTree:node_modules/express/node_modules/get-intrinsic Completed in 35ms
258 timing idealTree:node_modules/express/node_modules/has Completed in 1ms
259 timing idealTree:node_modules/express/node_modules/has-symbols Completed in 0ms
260 timing idealTree:node_modules/express/node_modules/object-inspect Completed in 1ms
261 timing idealTree:node_modules/express/node_modules/statuses Completed in 0ms
262 timing idealTree:node_modules/express/node_modules/toidentifier Completed in 0ms
263 silly placeDep node_modules/express media-typer@0.3.0 OK for: type-is@1.6.18 want: 0.3.0
264 timing idealTree:node_modules/express/node_modules/type-is Completed in 19ms
265 timing idealTree:node_modules/express/node_modules/media-typer Completed in 1ms
266 timing idealTree:node_modules/express/node_modules/unpipe Completed in 1ms
267 timing idealTree:node_modules/express/node_modules/utils-merge Completed in 0ms
268 timing idealTree:node_modules/express/node_modules/vary Completed in 0ms
269 timing idealTree:node_modules/express/node_modules/send/node_modules/ms Completed in 0ms
270 timing idealTree:buildDeps Completed in 42918ms
271 timing idealTree:fixDepFlags Completed in 22ms
272 timing idealTree Completed in 43068ms
273 timing reify:loadTrees Completed in 43560ms
274 timing reify:diffTrees Completed in 58ms
275 silly reify mark retired [ '/usr/local/lib/node_modules/express' ]
276 silly reify moves {
276 silly reify   '/usr/local/lib/node_modules/express': '/usr/local/lib/node_modules/.express-WbW3Fkxe'
276 silly reify }
277 timing reify:rollback:retireShallow Completed in 8ms
278 timing command:install Completed in 43825ms
279 verbose stack Error: EACCES: permission denied, rename '/usr/local/lib/node_modules/express' -> '/usr/local/lib/node_modules/.express-WbW3Fkxe'
280 verbose cwd /home/pfe
281 verbose Linux 6.1.21-v8+
282 verbose node v18.13.0
283 verbose npm  v8.19.3
284 error code EACCES
285 error syscall rename
286 error path /usr/local/lib/node_modules/express
287 error dest /usr/local/lib/node_modules/.express-WbW3Fkxe
288 error errno -13
289 error [Error: EACCES: permission denied, rename '/usr/local/lib/node_modules/express' -> '/usr/local/lib/node_modules/.express-WbW3Fkxe'] {
289 error   errno: -13,
289 error   code: 'EACCES',
289 error   syscall: 'rename',
289 error   path: '/usr/local/lib/node_modules/express',
289 error   dest: '/usr/local/lib/node_modules/.express-WbW3Fkxe'
289 error }
290 error
290 error The operation was rejected by your operating system.
290 error It is likely you do not have the permissions to access this file as the current user
290 error
290 error If you believe this might be a permissions issue, please double-check the
290 error permissions of the file and its containing directories, or try running
290 error the command again as root/Administrator.
291 verbose exit -13
292 timing npm Completed in 45060ms
293 verbose unfinished npm timer reify 1682371017160
294 verbose unfinished npm timer reify:retireShallow 1682371060908
295 verbose code -13
296 error A complete log of this run can be found in:
296 error     /home/pfe/.npm/_logs/2023-04-24T21_16_55_949Z-debug-0.log
